===================================>34.47 % |  5642 ms | ExpenseReportInvoiceService.upsertExpenseReportInvoice:InvoiceViewDTO@2afc1966,2dc11c99-2099-495b-bc97-099e8b2a295f,1798976097732612098,ExpenseOperateScene@596d452f
==========================================>0.07 % |  11 ms | ReportService.findByExpenseReportOID:c3b24448-7780-4c45-bb2f-963d2d7a156b
=================================================>0.07 % |  11 ms | ReportBaseService.selectExpenseReportByCommand:ExpenseReportCommonSearchCommand@1900db8a
========================================================>0.07 % |  11 ms | ExpenseReportMPMapper.selectExpenseReportByCommand:ExpenseReportCommonSearchCommand@2b479dbe
==========================================>2.60 % |  426 ms | ExpenseTypeService.isPermissionOk:c3b24448-7780-4c45-bb2f-963d2d7a156b,2dc11c99-2099-495b-bc97-099e8b2a295f,SingletonList@24785b9c,ExpenseOperateScene@596d452f
=================================================>0.06 % |  10 ms | BaseBOProcessorImplDeprecated.selectEntityPage:ExpenseTypeCompanyMappingSearchCommand@3e24dfd7,Page@354c1085
========================================================>0.06 % |  10 ms | BaseBOMapperDeprecated.selectBySearchCommand:ExpenseTypeCompanyMappingSearchCommand@3e24dfd7,Page@354c1085
=================================================>0.07 % |  11 ms | BaseMapper.selectByMap:HashMap@3d7e6ceb
=================================================>0.12 % |  19 ms | BaseBOProcessorImplDeprecated.selectEntityListMax10000:ExpenseTypeCompanyGroupMappingSearchCommand@1480790b
========================================================>0.12 % |  19 ms | BaseBOMapperDeprecated.selectBySearchCommand:ExpenseTypeCompanyGroupMappingSearchCommand@1480790b,Page@68551252
=================================================>0.07 % |  12 ms | UserAccountService.getUserSummaryInfo:2dc11c99-2099-495b-bc97-099e8b2a295f
========================================================>0.07 % |  12 ms | UserMapper.selectOneByOID:2dc11c99-2099-495b-bc97-099e8b2a295f
=================================================>1.91 % |  313 ms | ExpenseTypeMpMapper.selectUserExpenseTypeList:1798976097732612098,1798976137557528578,null,null,null,null
=================================================>0.12 % |  19 ms | CustomFormServiceGateImpl.selectFormExpenseTypeOIDs:4818770f-6599-4965-9690-d622f90fc018,null
========================================================>0.06 % |  10 ms | ExpenseTypeServiceGateImpl.selectOIDsBySetOfBoosId:1798976097732612098,null
===============================================================>0.06 % |  10 ms | ExpenseTypeService.selectOIDsBySetOfBoosId:1798976097732612098,null
======================================================================>0.06 % |  10 ms | ExpenseTypeMpMapper.selectOIDsBySetOfBoosId:1798976097732612098,null
=================================================>0.07 % |  11 ms | BaseBOProcessorImplDeprecated.selectEntityPage:ExpenseTypeCompanyMappingSearchCommand@17eafed4,Page@542aed95
========================================================>0.07 % |  11 ms | BaseBOMupsertExpenseReportInvoiceapperDeprecated.selectBySearchCommand:ExpenseTypeCompanyMappingSearchCommand@17eafed4,Page@542aed95
=================================================>0.16 % |  26 ms | BaseBOProcessorImplDeprecated.selectEntityListMax10000:ExpenseTypeCompanyGroupMappingSearchCommand@265fce90
========================================================>0.16 % |  26 ms | BaseBOMapperDeprecated.selectBySearchCommand:ExpenseTypeCompanyGroupMappingSearchCommand@265fce90,Page@683e205e
==========================================>0.06 % |  10 ms | ExpenseTypeMpMapper.getIdByExpenseTypeOID:8f4fc9f2-0f43-4665-852b-db8253fd0222,1798976137557528578
==========================================>3.40 % |  556 ms | ExpenseApportionServiceImpl.batchUpsert:UpdateExpenseApportionCommand@37c7200a,HashMap@d566029
=================================================>0.19 % |  31 ms | ExpenseService.getSimpleByInvoiceOID:a554e733-490e-487b-8a73-b340ed05faca,InvoiceWithMemberCommand@f4b88bc
========================================================>0.07 % |  12 ms | ExpenseMapper.getSimpleByInvoiceOIDs:SingletonList@6460a7bc
========================================================>0.06 % |  10 ms | ExpenseTypeServiceImpl.selectBaseById:1798626251100164172
===============================================================>0.06 % |  10 ms | ExpenseTypeMpMapper.selectOneById:1798626251100164172
=================================================>0.13 % |  22 ms | ReportService.selectByExpenseReportByInvoiceOIDAndParentNonSplit:a554e733-490e-487b-8a73-b340ed05faca
========================================================>0.07 % |  11 ms | ExpenseReportInvoiceServiceImpl.findByInvoiceOID:a554e733-490e-487b-8a73-b340ed05faca
===============================================================>0.07 % |  11 ms | ExpenseReportInvoiceMapper.findByInvoiceOID:a554e733-490e-487b-8a73-b340ed05faca
========================================================>0.07 % |  11 ms | ReportBaseService.selectExpenseReportByCommand:ExpenseReportCommonSearchCommand@723e4fb7
===============================================================>0.07 % |  11 ms | ExpenseReportMPMapper.selectExpenseReportByCommand:ExpenseReportCommonSearchCommand@6f4527d5
=================================================>0.07 % |  11 ms | ExpenseApportionMPMapper.selectByInvoiceOID:a554e733-490e-487b-8a73-b340ed05faca
=================================================>0.13 % |  21 ms | CustomFormValueService.getCustomFormValueByBizIdAndInMessageKeys:c3b24448-7780-4c45-bb2f-963d2d7a156b,ArrayList@46b21fd1,zh_cn
========================================================>0.06 % |  10 ms | CustomFormValueCacheService.getCustomFormValue:c3b24448-7780-4c45-bb2f-963d2d7a156b
===============================================================>0.06 % |  10 ms | CustomFormValueMapper.findByBizOIDAndParam:CustomFormValueSearchParam@5bc17afb
========================================================>0.06 % |  10 ms | CustomFormFieldService.findViewFieldsByFormOID:1001,null,2dc11c99-2099-495b-bc97-099e8b2a295f,4818770f-6599-4965-9690-d622f90fc018,zh_cn,1798976097732612098,true,c3b24448-7780-4c45-bb2f-963d2d7a156b
=================================================>0.07 % |  11 ms | DepartmentService.selectOneSimpleByOIDWithI18n:20e6384a-9a83-4066-8967-4a7e624742b1
========================================================>0.06 % |  10 ms | DepartmentMapper.selectOneSimpleByOIDWithI18n:null,20e6384a-9a83-4066-8967-4a7e624742b1,zh_cn
=================================================>0.06 % |  10 ms | ExpenseBudgetRelServiceImpl.selectListByInvoiceId:1946130299251605505
========================================================>0.06 % |  10 ms | BaseMapper.selectByMap:HashMap@95ab41d
=================================================>0.12 % |  19 ms | ExpenseApportionmentHistoryService.createExpenseApportionmentHistory:ArrayList@3ffc2681
========================================================>0.12 % |  19 ms | BaseMapper.insert:ExpenseApportionmentHistory@12a5aa38
=================================================>0.06 % |  10 ms | ContractApportionmentMappingServiceImpl.deleteMapping:ArrayList@1a4a5e81,1798976097732612098
========================================================>0.06 % |  10 ms | ContractApportionmentMappingMapper.queryApportionMappingBySearchCommand:ContractApportionmentMappingSearchCommand@538d1c5a
=================================================>0.10 % |  17 ms | BaseMapper.deleteBatchIds:ArrayList@1a4a5e81
=================================================>0.31 % |  50 ms | ReportService.selectByExpenseReportOid:c3b24448-7780-4c45-bb2f-963d2d7a156b
========================================================>0.31 % |  50 ms | ReportBaseService.selectExpenseReportByCommand:ExpenseReportCommonSearchCommand@5ec92025
===============================================================>0.31 % |  50 ms | ExpenseReportMPMapper.selectExpenseReportByCommand:ExpenseReportCommonSearchCommand@5519b8a9
=================================================>0.21 % |  34 ms | ExpenseTypeService.selectById:1798626251100164172
========================================================>0.21 % |  34 ms | ExpenseTypeServiceImpl.getContainsCategoryAndFieldById:1798626251100164172
===============================================================>0.21 % |  34 ms | ExpenseTypeMpMapper.selectOneByIdWithCascade:1798626251100164172
=================================================>0.06 % |  10 ms | DepartmentService.getOneByDepartmentOID:20e6384a-9a83-4066-8967-4a7e624742b1
========================================================>0.06 % |  10 ms | DepartmentMapper.getOneByDepartmentOID:20e6384a-9a83-4066-8967-4a7e624742b1
=================================================>0.12 % |  20 ms | BaseMapper.insert:ExpenseApportionment@66b20c87
=================================================>0.06 % |  10 ms | InvoiceServiceImpl.removeLabels:1946130299251605505,ArrayList@bda1996,1798976097732612098
========================================================>0.06 % |  10 ms | EntityLabelServiceImpl.removeEntityLabels:1946130299251605505,ArrayList@bda1996,LabelCategory@3fb0b9ef,1798976097732612098
===============================================================>0.06 % |  10 ms | EntityLabelMapper.selectEntityLabelIds:SingletonList@38fabb43,2,ArrayList@6941a932,null
=================================================>1.36 % |  222 ms | EntityLabelServiceImpl.removeEntityLabels:1946466421630533633,SingletonList@24b00a09,LabelCategory@354b445d,1798976097732612098
========================================================>1.35 % |  221 ms | EntityLabelMapper.selectEntityLabelIds:SingletonList@21fb6f47,4,ArrayList@7029adf3,null
=================================================>0.06 % |  10 ms | InvoiceServiceImpl.removeLabels:1946130299251605505,ArrayList@49afdf82,1798976097732612098
========================================================>0.06 % |  10 ms | EntityLabelServiceImpl.removeEntityLabels:1946130299251605505,ArrayList@49afdf82,LabelCategory@3fb0b9ef,1798976097732612098
===============================================================>0.06 % |  10 ms | EntityLabelMapper.selectEntityLabelIds:SingletonList@2f7242ec,2,ArrayList@2738861f,null
=================================================>0.07 % |  11 ms | InvoiceServiceImpl.removeLabels:1946130299251605505,ArrayList@4be174bd,1798976097732612098
========================================================>0.07 % |  11 ms | EntityLabelServiceImpl.removeEntityLabels:1946130299251605505,ArrayList@4be174bd,LabelCategory@3fb0b9ef,1798976097732612098
===============================================================>0.07 % |  11 ms | EntityLabelMapper.selectEntityLabelIds:SingletonList@73dd8adc,2,ArrayList@c6c9562,null
==========================================>0.48 % |  79 ms | ExpenseAmortiseServiceImpl.batchUpsert:ExpenseReport@353c8ae9,ArrayList@4a28f791,a554e733-490e-487b-8a73-b340ed05faca
=================================================>0.24 % |  40 ms | ExpenseService.getSimpleByInvoiceOID:a554e733-490e-487b-8a73-b340ed05faca,InvoiceWithMemberCommand@27827939
========================================================>0.12 % |  19 ms | ExpenseMapper.getSimpleByInvoiceOIDs:SingletonList@45cc3c6b
========================================================>0.07 % |  11 ms | InvoiceAttributeServiceImpl.findByInvoiceId:1946130299251605505
===============================================================>0.07 % |  11 ms | InvoiceAttributeMapper.findByInvoiceId:1946130299251605505
=================================================>0.07 % |  11 ms | UserAccountService.getUserSummaryInfo:2dc11c99-2099-495b-bc97-099e8b2a295f
========================================================>0.07 % |  11 ms | UserMapper.selectOneByOID:2dc11c99-2099-495b-bc97-099e8b2a295f
=================================================>0.11 % |  18 ms | ExpenseAmortisePlanService.deleteByResourceOID:a554e733-490e-487b-8a73-b340ed05faca
========================================================>0.11 % |  18 ms | BaseMapper.delete:EntityWrapper@146c7d50
=================================================>0.06 % |  10 ms | InvoiceServiceImpl.removeLabels:1946130299251605505,ArrayList@53309c72,1798976097732612098
========================================================>0.06 % |  10 ms | EntityLabelServiceImpl.removeEntityLabels:1946130299251605505,ArrayList@53309c72,LabelCategory@3fb0b9ef,1798976097732612098
===============================================================>0.06 % |  10 ms | EntityLabelMapper.selectEntityLabelIds:SingletonList@2a7a280,2,ArrayList@386c7890,null
==========================================>0.18 % |  29 ms | ExpenseReportService.removeLabel:c3b24448-7780-4c45-bb2f-963d2d7a156b,LabelType@16e2f6e3,null
=================================================>0.12 % |  19 ms | ReportService.findByExpenseReportOID:c3b24448-7780-4c45-bb2f-963d2d7a156b
========================================================>0.12 % |  19 ms | ReportBaseService.selectExpenseReportByCommand:ExpenseReportCommonSearchCommand@4b3142a1
===============================================================>0.12 % |  19 ms | ExpenseReportMPMapper.selectExpenseReportByCommand:ExpenseReportCommonSearchCommand@53a164fd
=================================================>0.06 % |  10 ms | LabelServiceImpl.selectByEntityIdAndLabelTypeIn:31548662,SingletonList@234d81d9,1
========================================================>0.06 % |  10 ms | LabelMapper.selectByEntityIdAndLabelTypeIn:31548662,SingletonList@234d81d9,1
==========================================>0.07 % |  12 ms | EntityLabelServiceImpl.selectInvoiceEntityLabels:c3b24448-7780-4c45-bb2f-963d2d7a156b,ArrayList@797deb4c,EntityLabelSearchContext@a778a3e
=================================================>0.07 % |  12 ms | EntityLabelMapper.selectInvoiceLabelByReportOID:c3b24448-7780-4c45-bb2f-963d2d7a156b,2,ArrayList@1dd6211d
==========================================>3.89 % |  637 ms | ExpenseReportService.flushExpenseReport:c3b24448-7780-4c45-bb2f-963d2d7a156b,false
=================================================>0.06 % |  10 ms | ExpenseReportInvoiceServiceImpl.findByExpenseReportOIDAndStatusNotIn:c3b24448-7780-4c45-bb2f-963d2d7a156b,1002
========================================================>0.06 % |  10 ms | ExpenseReportInvoiceMapper.findByExpenseReportOIDAndStatusNot:c3b24448-7780-4c45-bb2f-963d2d7a156b,1002
=================================================>0.41 % |  67 ms | ExpenseService.getSimpleByInvoiceOIDs:ArrayList@13cb9a73,InvoiceWithMemberCommand@725f10b8
========================================================>0.19 % |  31 ms | ExpenseMapper.getSimpleByInvoiceOIDs:ArrayList@13cb9a73
========================================================>0.21 % |  35 ms | ExpenseTypeServiceImpl.selectBaseById:1798626251100164172
===============================================================>0.21 % |  35 ms | ExpenseTypeMpMapper.selectOneById:1798626251100164172
=================================================>0.06 % |  10 ms | PrintFreeConfigServiceImpl.isSuitablePrintFreeConfig:ExpenseReport@5343de3a
========================================================>0.06 % |  10 ms | PrintFreeConfigMapper.selectPrintFreeConfigByTenantId:1798976097732612098
=================================================>0.08 % |  13 ms | LabelServiceImpl.selectByExpenseReportIDAndLabelTypeWithoutI18n:c3b24448-7780-4c45-bb2f-963d2d7a156b,INVOICE_FREE
========================================================>0.08 % |  13 ms | LabelMapper.selectByExpenseReportIDAndLabelTypeWithoutI18n:c3b24448-7780-4c45-bb2f-963d2d7a156b,INVOICE_FREE
=================================================>0.06 % |  10 ms | LabelServiceImpl.selectByExpenseReportIDAndLabelType:c3b24448-7780-4c45-bb2f-963d2d7a156b,AUTO_AUDIT_FAILED
========================================================>0.06 % |  10 ms | LabelMapper.selectByExpenseReportIDAndLabelType:c3b24448-7780-4c45-bb2f-963d2d7a156b,AUTO_AUDIT_FAILED
=================================================>0.07 % |  11 ms | EntityLabelServiceImpl.selectEntityLabels:31548662,LabelCategory@1281230a,EntityLabelSearchContext@6688f5c6
========================================================>0.07 % |  11 ms | EntityLabelMapper.selectByEntityIdAndCategory:31548662,1
=================================================>0.06 % |  10 ms | EntityLabelServiceImpl.removeEntityLabelBatchWithOriLabelType:ArrayList@55ca8253,LabelType@6c39a243,LabelCategory@1281230a
========================================================>0.06 % |  10 ms | EntityLabelMapper.selectIdsWithOriLabel:ArrayList@55ca8253,1,SingletonList@7626ed04
=================================================>0.23 % |  38 ms | BankCardOverTimeERLabelCalImpl.compute:31548662,LabelProcessPoint@4436d697,LabelCalculatorExtendParam@4ba0eb4f
========================================================>0.17 % |  28 ms | ReportService.selectByReportId:31548662
===============================================================>0.17 % |  28 ms | ReportBaseService.selectExpenseReportByCommand:ExpenseReportCommonSearchCommand@3118a942
======================================================================>0.17 % |  28 ms | ExpenseReportMPMapper.selectExpenseReportByCommand:ExpenseReportCommonSearchCommand@7cfe5fc9
========================================================>0.06 % |  10 ms | BankTransactionHandlerImpl.selectBankTranCount:c3b24448-7780-4c45-bb2f-963d2d7a156b
===============================================================>0.06 % |  10 ms | BankTransactionMapper.selectBankTranCount:c3b24448-7780-4c45-bb2f-963d2d7a156b
=================================================>0.06 % |  10 ms | EntityLabelServiceImpl.removeEntityLabelBatchWithOriLabelType:ArrayList@724a2f30,LabelType@63187cbc,LabelCategory@1281230a
========================================================>0.06 % |  10 ms | EntityLabelMapper.selectIdsWithOriLabel:ArrayList@724a2f30,1,SingletonList@1d2eb340
=================================================>0.08 % |  13 ms | OverdueERLLabelCalImpl.compute:31548662,LabelProcessPoint@4436d697,LabelCalculatorExtendParam@4ba0eb4f
========================================================>0.07 % |  11 ms | EntityLabelServiceImpl.selectInvoiceEntityLabels:c3b24448-7780-4c45-bb2f-963d2d7a156b,SingletonList@41802fdd,EntityLabelSearchContext@45bfed6a
===============================================================>0.07 % |  11 ms | EntityLabelMapper.selectInvoiceLabelByReportOID:c3b24448-7780-4c45-bb2f-963d2d7a156b,2,ArrayList@72860d23
=================================================>0.06 % |  10 ms | EntityLabelServiceImpl.removeEntityLabelBatchWithOriLabelType:ArrayList@1c203e14,LabelType@5a96163a,LabelCategory@1281230a
========================================================>0.06 % |  10 ms | EntityLabelMapper.selectIdsWithOriLabel:ArrayList@1c203e14,1,SingletonList@6e6c9457
=================================================>0.07 % |  11 ms | MaybeNonOriginalReceiptERLabelCalImpl.compute:31548662,LabelProcessPoint@4436d697,LabelCalculatorExtendParam@4ba0eb4f
========================================================>0.06 % |  10 ms | EntityLabelServiceImpl.selectInvoiceEntityLabels:c3b24448-7780-4c45-bb2f-963d2d7a156b,SingletonList@4d04bd0d,EntityLabelSearchContext@5890ed73
===============================================================>0.06 % |  10 ms | EntityLabelMapper.selectInvoiceLabelByReportOID:c3b24448-7780-4c45-bb2f-963d2d7a156b,2,ArrayList@7c6b0adc
=================================================>0.07 % |  11 ms | EntityLabelServiceImpl.removeEntityLabelBatchWithOriLabelType:ArrayList@caeedc,LabelType@1f2ca051,LabelCategory@1281230a
========================================================>0.07 % |  11 ms | EntityLabelMapper.selectIdsWithOriLabel:ArrayList@caeedc,1,SingletonList@4d5a1c42
=================================================>0.06 % |  10 ms | AttachmentInfoNotAgreeERLabelCalImpl.compute:31548662,LabelProcessPoint@4436d697,LabelCalculatorExtendParam@4ba0eb4f
========================================================>0.06 % |  10 ms | EntityLabelServiceImpl.selectInvoiceEntityLabels:c3b24448-7780-4c45-bb2f-963d2d7a156b,SingletonList@be16529,EntityLabelSearchContext@faae847
===============================================================>0.06 % |  10 ms | EntityLabelMapper.selectInvoiceLabelByReportOID:c3b24448-7780-4c45-bb2f-963d2d7a156b,2,ArrayList@3ba6341e
=================================================>2.37 % |  388 ms | ReportService.save:ExpenseReport@5343de3a
========================================================>0.20 % |  32 ms | DocumentServiceImpl.updateDocumentDTO:DocumentDTO@2d7eda2d
===============================================================>0.07 % |  11 ms | DocumentMapper.selectByEntityOIDAndEntityType:c3b24448-7780-4c45-bb2f-963d2d7a156b,1002
===============================================================>0.12 % |  20 ms | BaseMapper.updateAllColumnById:Document@2757c856
========================================================>0.12 % |  19 ms | BaseMapper.updateAllColumnById:ExpenseReport@5343de3a
==========================================>0.06 % |  10 ms | EntityLabelServiceImpl.removeEntityLabelBatchWithOriLabelType:ArrayList@7c922d9e,LabelType@613df89b,LabelCategory@1281230a
=================================================>0.06 % |  10 ms | EntityLabelMapper.selectIdsWithOriLabel:ArrayList@7c922d9e,1,SingletonList@421b430e
==========================================>0.13 % |  21 ms | ERHuaBeiLabelCalculator.compute:31548662,LabelProcessPoint@2cd414eb,LabelCalculatorExtendParam@15760d8a
=================================================>0.07 % |  11 ms | ExpenseReportInvoiceMapper.findByExpenseReportID:31548662
=================================================>0.06 % |  10 ms | InvoiceLabelServiceImpl.findByInvoiceIds:ArrayList@64a1f9d2
========================================================>0.06 % |  10 ms | EntityLabelServiceImpl.selectEntityLabels:ArrayList@64a1f9d2,LabelCategory@3fb0b9ef,EntityLabelSearchContext@582540df
===============================================================>0.06 % |  10 ms | EntityLabelMapper.selectEntityLabels:ArrayList@64a1f9d2,2
==========================================>0.07 % |  11 ms | DiDiInvoiceAmountOverLabelCalImpl.isDelete:31548662,LabelProcessPoint@2cd414eb,LabelCalculatorExtendParam@15760d8a
=================================================>0.07 % |  11 ms | EntityLabelServiceImpl.removeEntityLabelBatchWithOriLabelType:SingletonList@5249b1d6,LabelType@5810e26f,LabelCategory@1281230a
========================================================>0.07 % |  11 ms | EntityLabelMapper.selectIdsWithOriLabel:SingletonList@5249b1d6,1,SingletonList@36747cf2
==========================================>0.13 % |  21 ms | DiDiInvoiceAmountOverLabelCalImpl.compute:31548662,LabelProcessPoint@2cd414eb,LabelCalculatorExtendParam@15760d8a
=================================================>0.07 % |  11 ms | InvoiceServiceImpl.findIdsByReportIds:SingletonList@54ebc225
========================================================>0.07 % |  11 ms | ExpenseMapper.selectIdsByReportIdIn:SingletonList@54ebc225
=================================================>0.06 % |  10 ms | EntityLabelServiceImpl.selectEntityLabels:ArrayList@5db6e4c0,LabelCategory@3fb0b9ef,EntityLabelSearchContext@81bf485
========================================================>0.06 % |  10 ms | EntityLabelMapper.selectEntityLabels:ArrayList@5db6e4c0,2
==========================================>0.07 % |  11 ms | EntityLabelServiceImpl.removeEntityLabelBatchWithOriLabelType:ArrayList@37c85456,LabelType@1ff6dbd6,LabelCategory@1281230a
=================================================>0.07 % |  11 ms | EntityLabelMapper.selectIdsWithOriLabel:ArrayList@37c85456,1,SingletonList@639a0d02
==========================================>0.18 % |  30 ms | GoodsServiceNameERLLabelCalImpl.compute:31548662,LabelProcessPoint@2cd414eb,LabelCalculatorExtendParam@15760d8a
=================================================>0.12 % |  19 ms | ReportService.selectById:31548662
========================================================>0.12 % |  19 ms | ReportBaseService.selectExpenseReportByCommand:ExpenseReportCommonSearchCommand@5323c1c4
===============================================================>0.12 % |  19 ms | ExpenseReportMPMapper.selectExpenseReportByCommand:ExpenseReportCommonSearchCommand@25dcfb8e
=================================================>0.07 % |  11 ms | EntityLabelServiceImpl.selectInvoiceEntityLabels:c3b24448-7780-4c45-bb2f-963d2d7a156b,SingletonList@1eb1c324,EntityLabelSearchContext@31acbe3e
========================================================>0.07 % |  11 ms | EntityLabelMapper.selectInvoiceLabelByReportOID:c3b24448-7780-4c45-bb2f-963d2d7a156b,2,ArrayList@556279ff
==========================================>0.07 % |  11 ms | ReceiptLineInvRelServiceImpl.getReceiptIdsByReportIds:ArrayList@3dcee9cb
=================================================>0.07 % |  11 ms | ReceiptLineInvMappingMapper.selectReceiptIdsByReportIdIn:ArrayList@3dcee9cb
==========================================>0.07 % |  11 ms | EntityLabelServiceImpl.removeEntityLabelBatchWithOriLabelType:ArrayList@43a90a3c,LabelType@102516ac,LabelCategory@3607a8df
=================================================>0.07 % |  11 ms | EntityLabelMapper.selectIdsWithOriLabel:ArrayList@43a90a3c,3,SingletonList@2f0e3fa5
==========================================>7.26 % |  1189 ms | InvalidReceiptRcpLabelCalImpl.compute:31548662,LabelProcessPoint@2cd414eb,LabelCalculatorExtendParam@15760d8a
=================================================>0.07 % |  12 ms | ExpenseReportInvoiceServiceImpl.findSelfByExpenseReportOID:c3b24448-7780-4c45-bb2f-963d2d7a156b
========================================================>0.07 % |  11 ms | ExpenseReportInvoiceMapper.findByExpenseReportOID:c3b24448-7780-4c45-bb2f-963d2d7a156b
=================================================>1.44 % |  236 ms | InvoiceServiceImpl.getSimpleByInvoiceOIDs:ArrayList@74440728
========================================================>1.44 % |  236 ms | ExpenseMapper.getSimpleByInvoiceOIDs:ArrayList@74440728
=================================================>0.07 % |  11 ms | ReceiptLineInvRelServiceImpl.getReceiptIdsByInvoiceIds:ArrayList@1f4b93b
========================================================>0.07 % |  11 ms | ReceiptLineInvMappingMapper.getReceiptIdsByInvoiceIds:ArrayList@1f4b93b
=================================================>0.92 % |  150 ms | InvalidReceiptRcpLabelCalImpl.isReceiptNonCompliance:1946060585884106754,LabelCalculatorExtendParam@15760d8a,false
========================================================>0.12 % |  20 ms | ReceiptServiceImpl.selectOneById:1946060585884106754
===============================================================>0.12 % |  20 ms | ReceiptMapper.selectOneById:1946060585884106754
========================================================>0.07 % |  11 ms | ReceiptLineInvRelServiceImpl.getRelByReceiptIds:SingletonList@6977900c
===============================================================>0.07 % |  11 ms | ReceiptLineInvMappingMapper.selectRelByInvoiceOIDAndReceiptIds:null,SingletonList@6977900c
========================================================>0.18 % |  30 ms | ReportService.selectByInvoiceOID:c3f8934e-097c-4bcb-8176-381f4dfbab11
===============================================================>0.06 % |  10 ms | ExpenseReportInvoiceServiceImpl.findByInvoiceOID:c3f8934e-097c-4bcb-8176-381f4dfbab11
======================================================================>0.06 % |  10 ms | ExpenseReportInvoiceMapper.findByInvoiceOID:c3f8934e-097c-4bcb-8176-381f4dfbab11
===============================================================>0.12 % |  20 ms | ReportBaseService.selectExpenseReportByCommand:ExpenseReportCommonSearchCommand@592018aa
======================================================================>0.12 % |  19 ms | ExpenseReportMPMapper.selectExpenseReportByCommand:ExpenseReportCommonSearchCommand@63a22dcb
========================================================>0.07 % |  12 ms | ReceiptGoodsServiceImpl.selectEntityByReceiptId:1946060585884106754
===============================================================>0.07 % |  12 ms | ReceiptGoodsMapper.selectEntityPageByCommand:ReceiptGoodsSearchCommand@45a1b6fb,Page@6c6f58e3
========================================================>0.47 % |  77 ms | ReceiptServiceImpl.isReceiptNonCompliance:Receipt@49130358,ArrayList@413d831c,050a8d03-80c0-4ab1-ada6-546aedaa98af,1798976097732612098,false
===============================================================>0.12 % |  19 ms | BaseBOProcessorImplDeprecated.selectEntityListMax10000:ReceiptSourceHistorySearchCommand@7259a6fe
======================================================================>0.12 % |  19 ms | BaseBOMapperDeprecated.selectBySearchCommand:ReceiptSourceHistorySearchCommand@7259a6fe,Page@2004e99f
===============================================================>0.06 % |  10 ms | ReceiptAttributeServiceImpl.selectEntityPage:ReceiptAttributeSearchCommand@42c0027d,PageRequest@76f2e5d0
======================================================================>0.06 % |  10 ms | ReceiptAttributeMapper.selectEntityPageByCommand:ReceiptAttributeSearchCommand@42c0027d,Page@717b23de
===============================================================>0.11 % |  18 ms | BaseBOProcessorImplDeprecated.selectFirstEntity:ReceiptOptionalAttributeSearchCommand@2057872a
======================================================================>0.11 % |  18 ms | BaseBOMapperDeprecated.selectBySearchCommand:ReceiptOptionalAttributeSearchCommand@2057872a,Page@711e0d55
===============================================================>0.15 % |  24 ms | AttachmentService.findOneByAttachmentOID:0f9145b5-d38d-4e93-8cc8-d48442c9f400
======================================================================>0.14 % |  23 ms | AttachmentMapper.findByAttachmentOID:0f9145b5-d38d-4e93-8cc8-d48442c9f400
=================================================>0.79 % |  129 ms | InvalidReceiptRcpLabelCalImpl.isReceiptNonCompliance:1946060586341285889,LabelCalculatorExtendParam@15760d8a,false
========================================================>0.27 % |  44 ms | ReceiptServiceImpl.selectOneById:1946060586341285889
===============================================================>0.27 % |  44 ms | ReceiptMapper.selectOneById:1946060586341285889
========================================================>0.07 % |  11 ms | ReceiptLineInvRelServiceImpl.getRelByReceiptIds:SingletonList@f125d3f
===============================================================>0.07 % |  11 ms | ReceiptLineInvMappingMapper.selectRelByInvoiceOIDAndReceiptIds:null,SingletonList@f125d3f
========================================================>0.07 % |  11 ms | ReceiptGoodsServiceImpl.selectEntityByReceiptId:1946060586341285889
===============================================================>0.07 % |  11 ms | ReceiptGoodsMapper.selectEntityPageByCommand:ReceiptGoodsSearchCommand@7e69038f,Page@78d3c19d
========================================================>0.38 % |  62 ms | ReceiptServiceImpl.isReceiptNonCompliance:Receipt@102d8e78,ArrayList@400e83c2,050a8d03-80c0-4ab1-ada6-546aedaa98af,1798976097732612098,false
===============================================================>0.12 % |  19 ms | BaseBOProcessorImplDeprecated.selectEntityListMax10000:ReceiptSourceHistorySearchCommand@3e6c8e17
======================================================================>0.12 % |  19 ms | BaseBOMapperDeprecated.selectBySearchCommand:ReceiptSourceHistorySearchCommand@3e6c8e17,Page@6946b6d3
===============================================================>0.07 % |  11 ms | ReceiptAttributeServiceImpl.selectEntityPage:ReceiptAttributeSearchCommand@379101b1,PageRequest@7cfdeca6
======================================================================>0.07 % |  11 ms | ReceiptAttributeMapper.selectEntityPageByCommand:ReceiptAttributeSearchCommand@379101b1,Page@d8b11e8
===============================================================>0.12 % |  19 ms | BaseBOProcessorImplDeprecated.selectFirstEntity:ReceiptOptionalAttributeSearchCommand@2772c67f
======================================================================>0.12 % |  19 ms | BaseBOMapperDeprecated.selectBySearchCommand:ReceiptOptionalAttributeSearchCommand@2772c67f,Page@4f76af8e
===============================================================>0.06 % |  10 ms | AttachmentService.findOneByAttachmentOID:ef9a2318-2e88-487e-8149-c137f3e3b387
======================================================================>0.06 % |  10 ms | AttachmentMapper.findByAttachmentOID:ef9a2318-2e88-487e-8149-c137f3e3b387
=================================================>0.84 % |  138 ms | InvalidReceiptRcpLabelCalImpl.isReceiptNonCompliance:1946060586551001089,LabelCalculatorExtendParam@15760d8a,false
========================================================>0.26 % |  42 ms | ReceiptServiceImpl.selectOneById:1946060586551001089
===============================================================>0.26 % |  42 ms | ReceiptMapper.selectOneById:1946060586551001089
========================================================>0.07 % |  11 ms | ReceiptLineInvRelServiceImpl.getRelByReceiptIds:SingletonList@2b9eaa90
===============================================================>0.07 % |  11 ms | ReceiptLineInvMappingMapper.selectRelByInvoiceOIDAndReceiptIds:null,SingletonList@2b9eaa90
========================================================>0.12 % |  20 ms | ReceiptGoodsServiceImpl.selectEntityByReceiptId:1946060586551001089
===============================================================>0.12 % |  20 ms | ReceiptGoodsMapper.selectEntityPageByCommand:ReceiptGoodsSearchCommand@6f39fd70,Page@4107d166
========================================================>0.39 % |  64 ms | ReceiptServiceImpl.isReceiptNonCompliance:Receipt@f1e263d,ArrayList@38af36ca,050a8d03-80c0-4ab1-ada6-546aedaa98af,1798976097732612098,false
===============================================================>0.12 % |  19 ms | BaseBOProcessorImplDeprecated.selectEntityListMax10000:ReceiptSourceHistorySearchCommand@3a62ce8e
======================================================================>0.12 % |  19 ms | BaseBOMapperDeprecated.selectBySearchCommand:ReceiptSourceHistorySearchCommand@3a62ce8e,Page@5cb79b24
===============================================================>0.07 % |  11 ms | ReceiptAttributeServiceImpl.selectEntityPage:ReceiptAttributeSearchCommand@2d0f8cad,PageRequest@4796f4f4
======================================================================>0.07 % |  11 ms | ReceiptAttributeMapper.selectEntityPageByCommand:ReceiptAttributeSearchCommand@2d0f8cad,Page@3b744825
===============================================================>0.12 % |  19 ms | BaseBOProcessorImplDeprecated.selectFirstEntity:ReceiptOptionalAttributeSearchCommand@396cb0cd
======================================================================>0.12 % |  19 ms | BaseBOMapperDeprecated.selectBySearchCommand:ReceiptOptionalAttributeSearchCommand@396cb0cd,Page@26d1de7b
===============================================================>0.06 % |  10 ms | AttachmentService.findOneByAttachmentOID:54adcbd0-6d60-4e22-b950-b3b1f89b2e8f
======================================================================>0.06 % |  10 ms | AttachmentMapper.findByAttachmentOID:54adcbd0-6d60-4e22-b950-b3b1f89b2e8f
=================================================>0.65 % |  107 ms | InvalidReceiptRcpLabelCalImpl.isReceiptNonCompliance:1946060586756521985,LabelCalculatorExtendParam@15760d8a,false
========================================================>0.11 % |  18 ms | ReceiptServiceImpl.selectOneById:1946060586756521985
===============================================================>0.11 % |  18 ms | ReceiptMapper.selectOneById:1946060586756521985
========================================================>0.07 % |  11 ms | ReceiptLineInvRelServiceImpl.getRelByReceiptIds:SingletonList@51cce9b4
===============================================================>0.07 % |  11 ms | ReceiptLineInvMappingMapper.selectRelByInvoiceOIDAndReceiptIds:null,SingletonList@51cce9b4
========================================================>0.08 % |  13 ms | ReceiptGoodsServiceImpl.selectEntityByReceiptId:1946060586756521985
===============================================================>0.08 % |  13 ms | ReceiptGoodsMapper.selectEntityPageByCommand:ReceiptGoodsSearchCommand@41e612,Page@25f7b62b
========================================================>0.40 % |  65 ms | ReceiptServiceImpl.isReceiptNonCompliance:Receipt@6fcaca9e,ArrayList@530bcb82,050a8d03-80c0-4ab1-ada6-546aedaa98af,1798976097732612098,false
===============================================================>0.12 % |  19 ms | BaseBOProcessorImplDeprecated.selectEntityListMax10000:ReceiptSourceHistorySearchCommand@10e2dff9
======================================================================>0.12 % |  19 ms | BaseBOMapperDeprecated.selectBySearchCommand:ReceiptSourceHistorySearchCommand@10e2dff9,Page@3e634d90
===============================================================>0.07 % |  11 ms | ReceiptAttributeServiceImpl.selectEntityPage:ReceiptAttributeSearchCommand@71c8858e,PageRequest@56a5189a
======================================================================>0.07 % |  11 ms | ReceiptAttributeMapper.selectEntityPageByCommand:ReceiptAttributeSearchCommand@71c8858e,Page@b871f05
===============================================================>0.12 % |  19 ms | BaseBOProcessorImplDeprecated.selectFirstEntity:ReceiptOptionalAttributeSearchCommand@37b068c1
======================================================================>0.12 % |  19 ms | BaseBOMapperDeprecated.selectBySearchCommand:ReceiptOptionalAttributeSearchCommand@37b068c1,Page@bf8d5e5
===============================================================>0.07 % |  11 ms | AttachmentService.findOneByAttachmentOID:ff0ae9d9-3959-4789-a6e0-cd18f5b3fde7
======================================================================>0.07 % |  11 ms | AttachmentMapper.findByAttachmentOID:ff0ae9d9-3959-4789-a6e0-cd18f5b3fde7
=================================================>0.64 % |  105 ms | InvalidReceiptRcpLabelCalImpl.isReceiptNonCompliance:1946060586966237186,LabelCalculatorExtendParam@15760d8a,false
========================================================>0.10 % |  17 ms | ReceiptServiceImpl.selectOneById:1946060586966237186
===============================================================>0.10 % |  17 ms | ReceiptMapper.selectOneById:1946060586966237186
========================================================>0.07 % |  11 ms | ReceiptLineInvRelServiceImpl.getRelByReceiptIds:SingletonList@4d145ba7
===============================================================>0.07 % |  11 ms | ReceiptLineInvMappingMapper.selectRelByInvoiceOIDAndReceiptIds:null,SingletonList@4d145ba7
========================================================>0.08 % |  13 ms | ReceiptGoodsServiceImpl.selectEntityByReceiptId:1946060586966237186
===============================================================>0.08 % |  13 ms | ReceiptGoodsMapper.selectEntityPageByCommand:ReceiptGoodsSearchCommand@34069a8d,Page@3d12b057
========================================================>0.39 % |  64 ms | ReceiptServiceImpl.isReceiptNonCompliance:Receipt@48720d29,ArrayList@39806133,050a8d03-80c0-4ab1-ada6-546aedaa98af,1798976097732612098,false
===============================================================>0.11 % |  18 ms | BaseBOProcessorImplDeprecated.selectEntityListMax10000:ReceiptSourceHistorySearchCommand@59e4f6cc
======================================================================>0.11 % |  18 ms | BaseBOMapperDeprecated.selectBySearchCommand:ReceiptSourceHistorySearchCommand@59e4f6cc,Page@55404b36
===============================================================>0.07 % |  11 ms | ReceiptAttributeServiceImpl.selectEntityPage:ReceiptAttributeSearchCommand@3f4b4c3c,PageRequest@139a3a7d
======================================================================>0.07 % |  11 ms | ReceiptAttributeMapper.selectEntityPageByCommand:ReceiptAttributeSearchCommand@3f4b4c3c,Page@1ffa5353
===============================================================>0.12 % |  20 ms | BaseBOProcessorImplDeprecated.selectFirstEntity:ReceiptOptionalAttributeSearchCommand@53523c2f
======================================================================>0.12 % |  20 ms | BaseBOMapperDeprecated.selectBySearchCommand:ReceiptOptionalAttributeSearchCommand@53523c2f,Page@58414b53
===============================================================>0.07 % |  11 ms | AttachmentService.findOneByAttachmentOID:ad75640a-ed45-486d-98dc-49f257b3a1d6
======================================================================>0.07 % |  11 ms | AttachmentMapper.findByAttachmentOID:ad75640a-ed45-486d-98dc-49f257b3a1d6
=================================================>0.62 % |  102 ms | InvalidReceiptRcpLabelCalImpl.isReceiptNonCompliance:1946060587184340994,LabelCalculatorExtendParam@15760d8a,false
========================================================>0.11 % |  18 ms | ReceiptServiceImpl.selectOneById:1946060587184340994
===============================================================>0.11 % |  18 ms | ReceiptMapper.selectOneById:1946060587184340994
========================================================>0.06 % |  10 ms | ReceiptLineInvRelServiceImpl.getRelByReceiptIds:SingletonList@7857a7cf
===============================================================>0.06 % |  10 ms | ReceiptLineInvMappingMapper.selectRelByInvoiceOIDAndReceiptIds:null,SingletonList@7857a7cf
========================================================>0.07 % |  11 ms | ReceiptGoodsServiceImpl.selectEntityByReceiptId:1946060587184340994
===============================================================>0.07 % |  11 ms | ReceiptGoodsMapper.selectEntityPageByCommand:ReceiptGoodsSearchCommand@2931f207,Page@7d38aef0
========================================================>0.38 % |  62 ms | ReceiptServiceImpl.isReceiptNonCompliance:Receipt@5f137bc3,ArrayList@530181c0,050a8d03-80c0-4ab1-ada6-546aedaa98af,1798976097732612098,false
===============================================================>0.12 % |  19 ms | BaseBOProcessorImplDeprecated.selectEntityListMax10000:ReceiptSourceHistorySearchCommand@424fdb60
======================================================================>0.12 % |  19 ms | BaseBOMapperDeprecated.selectBySearchCommand:ReceiptSourceHistorySearchCommand@424fdb60,Page@5045b21d
===============================================================>0.12 % |  20 ms | BaseBOProcessorImplDeprecated.selectFirstEntity:ReceiptOptionalAttributeSearchCommand@529c489e
======================================================================>0.12 % |  20 ms | BaseBOMapperDeprecated.selectBySearchCommand:ReceiptOptionalAttributeSearchCommand@529c489e,Page@7ab1704d
===============================================================>0.06 % |  10 ms | AttachmentService.findOneByAttachmentOID:bb6b53ae-5957-4c77-b5ff-04f411c0f7a8
======================================================================>0.06 % |  10 ms | AttachmentMapper.findByAttachmentOID:bb6b53ae-5957-4c77-b5ff-04f411c0f7a8
=================================================>0.62 % |  101 ms | InvalidReceiptRcpLabelCalImpl.isReceiptNonCompliance:1946060587465359362,LabelCalculatorExtendParam@15760d8a,false
========================================================>0.07 % |  12 ms | ReceiptServiceImpl.selectOneById:1946060587465359362
===============================================================>0.07 % |  11 ms | ReceiptMapper.selectOneById:1946060587465359362
========================================================>0.07 % |  12 ms | ReceiptLineInvRelServiceImpl.getRelByReceiptIds:SingletonList@8ed8c65
===============================================================>0.07 % |  12 ms | ReceiptLineInvMappingMapper.selectRelByInvoiceOIDAndReceiptIds:null,SingletonList@8ed8c65
========================================================>0.07 % |  12 ms | ReceiptGoodsServiceImpl.selectEntityByReceiptId:1946060587465359362
===============================================================>0.07 % |  12 ms | ReceiptGoodsMapper.selectEntityPageByCommand:ReceiptGoodsSearchCommand@2cd76172,Page@19ee840d
========================================================>0.39 % |  64 ms | ReceiptServiceImpl.isReceiptNonCompliance:Receipt@416185dd,ArrayList@4ad851c9,050a8d03-80c0-4ab1-ada6-546aedaa98af,1798976097732612098,false
===============================================================>0.12 % |  20 ms | BaseBOProcessorImplDeprecated.selectEntityListMax10000:ReceiptSourceHistorySearchCommand@f81dee5
======================================================================>0.12 % |  20 ms | BaseBOMapperDeprecated.selectBySearchCommand:ReceiptSourceHistorySearchCommand@f81dee5,Page@3e065263
===============================================================>0.07 % |  11 ms | ReceiptAttributeServiceImpl.selectEntityPage:ReceiptAttributeSearchCommand@c9df15b,PageRequest@1b696272
======================================================================>0.07 % |  11 ms | ReceiptAttributeMapper.selectEntityPageByCommand:ReceiptAttributeSearchCommand@c9df15b,Page@4e455979
===============================================================>0.12 % |  19 ms | BaseBOProcessorImplDeprecated.selectFirstEntity:ReceiptOptionalAttributeSearchCommand@4fdb5f32
======================================================================>0.12 % |  19 ms | BaseBOMapperDeprecated.selectBySearchCommand:ReceiptOptionalAttributeSearchCommand@4fdb5f32,Page@5107c4d5
===============================================================>0.06 % |  10 ms | AttachmentService.findOneByAttachmentOID:de251831-b0a6-4bdc-9c45-5a793d8a28ec
======================================================================>0.06 % |  10 ms | AttachmentMapper.findByAttachmentOID:de251831-b0a6-4bdc-9c45-5a793d8a28ec
=================================================>0.59 % |  97 ms | InvalidReceiptRcpLabelCalImpl.isReceiptNonCompliance:1946060587675074562,LabelCalculatorExtendParam@15760d8a,false
========================================================>0.07 % |  11 ms | ReceiptServiceImpl.selectOneById:1946060587675074562
===============================================================>0.07 % |  11 ms | ReceiptMapper.selectOneById:1946060587675074562
========================================================>0.07 % |  11 ms | ReceiptLineInvRelServiceImpl.getRelByReceiptIds:SingletonList@5dbf3e4d
===============================================================>0.07 % |  11 ms | ReceiptLineInvMappingMapper.selectRelByInvoiceOIDAndReceiptIds:null,SingletonList@5dbf3e4d
========================================================>0.07 % |  12 ms | ReceiptGoodsServiceImpl.selectEntityByReceiptId:1946060587675074562
===============================================================>0.07 % |  12 ms | ReceiptGoodsMapper.selectEntityPageByCommand:ReceiptGoodsSearchCommand@222f44a9,Page@6fc05550
========================================================>0.38 % |  63 ms | ReceiptServiceImpl.isReceiptNonCompliance:Receipt@7ac77779,ArrayList@5c11ee58,050a8d03-80c0-4ab1-ada6-546aedaa98af,1798976097732612098,false
===============================================================>0.11 % |  18 ms | BaseBOProcessorImplDeprecated.selectEntityListMax10000:ReceiptSourceHistorySearchCommand@32eab878
======================================================================>0.11 % |  18 ms | BaseBOMapperDeprecated.selectBySearchCommand:ReceiptSourceHistorySearchCommand@32eab878,Page@c609e94
===============================================================>0.06 % |  10 ms | ReceiptAttributeServiceImpl.selectEntityPage:ReceiptAttributeSearchCommand@20f85152,PageRequest@436e9a29
======================================================================>0.06 % |  10 ms | ReceiptAttributeMapper.selectEntityPageByCommand:ReceiptAttributeSearchCommand@20f85152,Page@4d25386b
===============================================================>0.12 % |  20 ms | BaseBOProcessorImplDeprecated.selectFirstEntity:ReceiptOptionalAttributeSearchCommand@503ac032
======================================================================>0.12 % |  20 ms | BaseBOMapperDeprecated.selectBySearchCommand:ReceiptOptionalAttributeSearchCommand@503ac032,Page@7947aa3f
===============================================================>0.06 % |  10 ms | AttachmentService.findOneByAttachmentOID:ede45734-99cb-4563-acf5-642588c0ee19
======================================================================>0.06 % |  10 ms | AttachmentMapper.findByAttachmentOID:ede45734-99cb-4563-acf5-642588c0ee19
==========================================>0.07 % |  11 ms | EntityLabelServiceImpl.removeEntityLabelBatchWithOriLabelType:ArrayList@43a90a3c,LabelType@7d3f6b09,LabelCategory@3607a8df
=================================================>0.07 % |  11 ms | EntityLabelMapper.selectIdsWithOriLabel:ArrayList@43a90a3c,3,SingletonList@4a4c3980
==========================================>0.06 % |  10 ms | ReceiptLineInvRelServiceImpl.getIdsByReportIds:ArrayList@63fa7642
=================================================>0.06 % |  10 ms | ReceiptLineInvMappingMapper.selectIdsByReportIdIn:ArrayList@63fa7642
==========================================>0.06 % |  10 ms | EntityLabelServiceImpl.removeEntityLabelBatchWithOriLabelType:ArrayList@6d3290bc,LabelType@7d3f6b09,LabelCategory@4bed2867
=================================================>0.06 % |  10 ms | EntityLabelMapper.selectIdsWithOriLabel:ArrayList@6d3290bc,9,SingletonList@6b8c0b00
==========================================>0.76 % |  125 ms | ReceiptAmountErrorRcpLabelCalImpl.compute:31548662,LabelProcessPoint@2cd414eb,LabelCalculatorExtendParam@15760d8a
=================================================>0.06 % |  10 ms | ExpenseReportInvoiceService.getExpenseReportInvoices:SingletonList@9e592a2
========================================================>0.06 % |  10 ms | ExpenseReportInvoiceMapper.findByExpenseReportOIDIn:SingletonList@9e592a2
=================================================>0.11 % |  18 ms | InvoiceServiceImpl.getSimpleByInvoiceOIDs:ArrayList@6bae380c
========================================================>0.11 % |  18 ms | ExpenseMapper.getSimpleByInvoiceOIDs:ArrayList@6bae380c
=================================================>0.13 % |  21 ms | ReceiptAmountErrorRcpLabelCalImpl.receiptAmountErrorCheck:Receipt@49130358,050a8d03-80c0-4ab1-ada6-546aedaa98af
========================================================>0.06 % |  10 ms | LabelServiceImpl.selectCommonLabelByTypes:ArrayList@4faf0012
===============================================================>0.06 % |  10 ms | LabelMapper.selectCommonLabelByTypes:ArrayList@4faf0012
========================================================>0.07 % |  11 ms | EntityLabelServiceImpl.getEntityLabels:SingletonList@13de2338,ArrayList@2eaa18ba,LabelCategory@3607a8df,EntityLabelSearchContext@1cf4eb4b
===============================================================>0.07 % |  11 ms | EntityLabelMapper.selectEntityLabel:SingletonList@13de2338,3,ArrayList@58652b58
=================================================>0.07 % |  11 ms | ReceiptAmountErrorRcpLabelCalImpl.receiptAmountErrorCheck:Receipt@102d8e78,050a8d03-80c0-4ab1-ada6-546aedaa98af
========================================================>0.07 % |  11 ms | EntityLabelServiceImpl.getEntityLabels:SingletonList@7de98d1d,ArrayList@2eaa18ba,LabelCategory@3607a8df,EntityLabelSearchContext@2779d1ee
===============================================================>0.07 % |  11 ms | EntityLabelMapper.selectEntityLabel:SingletonList@7de98d1d,3,ArrayList@7a7a1117
=================================================>0.07 % |  11 ms | ReceiptAmountErrorRcpLabelCalImpl.receiptAmountErrorCheck:Receipt@f1e263d,050a8d03-80c0-4ab1-ada6-546aedaa98af
========================================================>0.06 % |  10 ms | EntityLabelServiceImpl.getEntityLabels:SingletonList@2d9bd2c3,ArrayList@2eaa18ba,LabelCategory@3607a8df,EntityLabelSearchContext@67558255
===============================================================>0.06 % |  10 ms | EntityLabelMapper.selectEntityLabel:SingletonList@2d9bd2c3,3,ArrayList@45c7cab0
=================================================>0.06 % |  10 ms | ReceiptAmountErrorRcpLabelCalImpl.receiptAmountErrorCheck:Receipt@6fcaca9e,050a8d03-80c0-4ab1-ada6-546aedaa98af
=================================================>0.07 % |  11 ms | ReceiptAmountErrorRcpLabelCalImpl.receiptAmountErrorCheck:Receipt@48720d29,050a8d03-80c0-4ab1-ada6-546aedaa98af
========================================================>0.06 % |  10 ms | EntityLabelServiceImpl.getEntityLabels:SingletonList@2b4baa7b,ArrayList@2eaa18ba,LabelCategory@3607a8df,EntityLabelSearchContext@a0e2f5f
===============================================================>0.06 % |  10 ms | EntityLabelMapper.selectEntityLabel:SingletonList@2b4baa7b,3,ArrayList@10840d27
=================================================>0.07 % |  11 ms | ReceiptAmountErrorRcpLabelCalImpl.receiptAmountErrorCheck:Receipt@5f137bc3,050a8d03-80c0-4ab1-ada6-546aedaa98af
========================================================>0.07 % |  11 ms | EntityLabelServiceImpl.getEntityLabels:SingletonList@70aaef30,ArrayList@2eaa18ba,LabelCategory@3607a8df,EntityLabelSearchContext@15bb3316
===============================================================>0.07 % |  11 ms | EntityLabelMapper.selectEntityLabel:SingletonList@70aaef30,3,ArrayList@2eacfb70
=================================================>0.06 % |  10 ms | ReceiptAmountErrorRcpLabelCalImpl.receiptAmountErrorCheck:Receipt@416185dd,050a8d03-80c0-4ab1-ada6-546aedaa98af
========================================================>0.06 % |  10 ms | EntityLabelServiceImpl.getEntityLabels:SingletonList@1ad1e6b3,ArrayList@2eaa18ba,LabelCategory@3607a8df,EntityLabelSearchContext@419bf670
===============================================================>0.06 % |  10 ms | EntityLabelMapper.selectEntityLabel:SingletonList@1ad1e6b3,3,ArrayList@23e7fcf7
=================================================>0.07 % |  11 ms | ReceiptAmountErrorRcpLabelCalImpl.receiptAmountErrorCheck:Receipt@7ac77779,050a8d03-80c0-4ab1-ada6-546aedaa98af
========================================================>0.07 % |  11 ms | EntityLabelServiceImpl.getEntityLabels:SingletonList@3888daf1,ArrayList@2eaa18ba,LabelCategory@3607a8df,EntityLabelSearchContext@6007232b
===============================================================>0.07 % |  11 ms | EntityLabelMapper.selectEntityLabel:SingletonList@3888daf1,3,ArrayList@467286a3
==========================================>0.06 % |  10 ms | EntityLabelServiceImpl.removeEntityLabelBatchWithOriLabelType:ArrayList@13d57226,LabelType@b121940,LabelCategory@1281230a
=================================================>0.06 % |  10 ms | EntityLabelMapper.selectIdsWithOriLabel:ArrayList@13d57226,1,SingletonList@51edaf2
==========================================>0.07 % |  12 ms | SalesPartyERLLabelCalImpl.compute:31548662,LabelProcessPoint@2cd414eb,LabelCalculatorExtendParam@15760d8a
=================================================>0.07 % |  12 ms | EntityLabelServiceImpl.selectInvoiceEntityLabels:c3b24448-7780-4c45-bb2f-963d2d7a156b,SingletonList@5a531c1,EntityLabelSearchContext@63dd674c
========================================================>0.07 % |  12 ms | EntityLabelMapper.selectInvoiceLabelByReportOID:c3b24448-7780-4c45-bb2f-963d2d7a156b,2,ArrayList@153ea679
==========================================>0.07 % |  11 ms | EntityLabelServiceImpl.removeEntityLabelBatchWithOriLabelType:ArrayList@1d01443a,LabelType@4d7a1efa,LabelCategory@1281230a
=================================================>0.07 % |  11 ms | EntityLabelMapper.selectIdsWithOriLabel:ArrayList@1d01443a,1,SingletonList@1d4e7317
==========================================>0.08 % |  13 ms | UnclearCompanyRELLabelCalImpl.compute:31548662,LabelProcessPoint@2cd414eb,LabelCalculatorExtendParam@15760d8a
=================================================>0.08 % |  13 ms | EntityLabelServiceImpl.selectInvoiceEntityLabels:c3b24448-7780-4c45-bb2f-963d2d7a156b,SingletonList@46a62e70,EntityLabelSearchContext@3f22cfe3
========================================================>0.08 % |  13 ms | EntityLabelMapper.selectInvoiceLabelByReportOID:c3b24448-7780-4c45-bb2f-963d2d7a156b,2,ArrayList@679dd752
==========================================>0.29 % |  47 ms | EntityLabelServiceImpl.removeEntityLabelBatchWithOriLabelType:ArrayList@45d58261,LabelType@26d1bd05,LabelCategory@1281230a
=================================================>0.06 % |  10 ms | EntityLabelMapper.selectIdsWithOriLabel:ArrayList@45d58261,1,SingletonList@1219eba2
=================================================>0.11 % |  18 ms | EntityLabelMapper.deleteEntityLabelByIds:ArrayList@1f679838,1
=================================================>0.12 % |  19 ms | EntityLabelMapper.deleteI18nToast:ArrayList@1f679838
==========================================>0.18 % |  30 ms | WrongHeaderRELLabelCalImpl.compute:31548662,LabelProcessPoint@2cd414eb,LabelCalculatorExtendParam@15760d8a
=================================================>0.12 % |  19 ms | ReportService.selectById:31548662
========================================================>0.12 % |  19 ms | ReportBaseService.selectExpenseReportByCommand:ExpenseReportCommonSearchCommand@1b2c985
===============================================================>0.12 % |  19 ms | ExpenseReportMPMapper.selectExpenseReportByCommand:ExpenseReportCommonSearchCommand@8fa65a1
=================================================>0.07 % |  11 ms | EntityLabelServiceImpl.selectInvoiceEntityLabels:c3b24448-7780-4c45-bb2f-963d2d7a156b,SingletonList@7e162a,EntityLabelSearchContext@30b4dea4
========================================================>0.07 % |  11 ms | EntityLabelMapper.selectInvoiceLabelByReportOID:c3b24448-7780-4c45-bb2f-963d2d7a156b,2,ArrayList@5f7e517c
==========================================>0.18 % |  29 ms | EntityLabelServiceImpl.addEntityLabels:31548662,ArrayList@494cb2ed,LabelCategory@1281230a,false,1798976097732612098
=================================================>0.06 % |  10 ms | EntityLabelMapper.selectEntityLabelIds:SingletonList@6c732295,1,ArrayList@6bc179e2,null
=================================================>0.12 % |  19 ms | EntityLabelMapper.addEntityLabels:ArrayList@15448bd3,1
==========================================>0.06 % |  10 ms | EntityLabelServiceImpl.removeEntityLabelBatchWithOriLabelType:ArrayList@65a895fe,LabelType@4f560e18,LabelCategory@1281230a
=================================================>0.06 % |  10 ms | EntityLabelMapper.selectIdsWithOriLabel:ArrayList@65a895fe,1,SingletonList@7c37142b
==========================================>0.18 % |  30 ms | TotalAmountChangesERLLableCalImpl.compute:31548662,LabelProcessPoint@2cd414eb,LabelCalculatorExtendParam@15760d8a
=================================================>0.11 % |  18 ms | ReportService.selectById:31548662
========================================================>0.11 % |  18 ms | ReportBaseService.selectExpenseReportByCommand:ExpenseReportCommonSearchCommand@1c742d38
===============================================================>0.11 % |  18 ms | ExpenseReportMPMapper.selectExpenseReportByCommand:ExpenseReportCommonSearchCommand@795c3b96
=================================================>0.07 % |  12 ms | EntityLabelServiceImpl.selectInvoiceEntityLabels:c3b24448-7780-4c45-bb2f-963d2d7a156b,SingletonList@9754efe,EntityLabelSearchContext@7cdd061f
========================================================>0.07 % |  12 ms | EntityLabelMapper.selectInvoiceLabelByReportOID:c3b24448-7780-4c45-bb2f-963d2d7a156b,2,ArrayList@33c2b89c
==========================================>0.07 % |  11 ms | EntityLabelServiceImpl.removeEntityLabelBatchWithOriLabelType:ArrayList@547ef42d,LabelType@7e930239,LabelCategory@1281230a
=================================================>0.07 % |  11 ms | EntityLabelMapper.selectIdsWithOriLabel:ArrayList@547ef42d,1,SingletonList@3f036706
==========================================>0.07 % |  11 ms | SensitiveWordsERLLabelCalImpl.compute:31548662,LabelProcessPoint@2cd414eb,LabelCalculatorExtendParam@15760d8a
=================================================>0.07 % |  11 ms | EntityLabelServiceImpl.selectInvoiceEntityLabels:c3b24448-7780-4c45-bb2f-963d2d7a156b,SingletonList@5df899dd,EntityLabelSearchContext@63c1f58f
========================================================>0.07 % |  11 ms | EntityLabelMapper.selectInvoiceLabelByReportOID:c3b24448-7780-4c45-bb2f-963d2d7a156b,2,ArrayList@36fc83c1
==========================================>0.06 % |  10 ms | EntityLabelServiceImpl.removeEntityLabelBatchWithOriLabelType:ArrayList@6d01405,LabelType@7b6f7ddd,LabelCategory@1281230a
=================================================>0.06 % |  10 ms | EntityLabelMapper.selectIdsWithOriLabel:ArrayList@6d01405,1,SingletonList@1649381f
==========================================>0.07 % |  11 ms | ReceiptReversedStatusRELLabelCalImpl.compute:31548662,LabelProcessPoint@2cd414eb,LabelCalculatorExtendParam@15760d8a
=================================================>0.06 % |  10 ms | EntityLabelServiceImpl.selectInvoiceEntityLabels:c3b24448-7780-4c45-bb2f-963d2d7a156b,SingletonList@2d7014c7,EntityLabelSearchContext@7e0760d0
========================================================>0.06 % |  10 ms | EntityLabelMapper.selectInvoiceLabelByReportOID:c3b24448-7780-4c45-bb2f-963d2d7a156b,2,ArrayList@60a2ebc6
==========================================>0.07 % |  11 ms | EntityLabelServiceImpl.removeEntityLabelBatchWithOriLabelType:ArrayList@7cdc87d9,LabelType@338b4ca3,LabelCategory@1281230a
=================================================>0.06 % |  10 ms | EntityLabelMapper.selectIdsWithOriLabel:ArrayList@7cdc87d9,1,SingletonList@a7f2d8e
==========================================>0.07 % |  11 ms | ReceiptOutControlStatusRELLabelCalImpl.compute:31548662,LabelProcessPoint@2cd414eb,LabelCalculatorExtendParam@15760d8a
=================================================>0.06 % |  10 ms | EntityLabelServiceImpl.selectInvoiceEntityLabels:c3b24448-7780-4c45-bb2f-963d2d7a156b,SingletonList@6e857f38,EntityLabelSearchContext@c39e91d
========================================================>0.06 % |  10 ms | EntityLabelMapper.selectInvoiceLabelByReportOID:c3b24448-7780-4c45-bb2f-963d2d7a156b,2,ArrayList@470cb853
==========================================>0.06 % |  10 ms | EntityLabelServiceImpl.removeEntityLabelBatchWithOriLabelType:ArrayList@7eee643f,LabelType@6b95f24c,LabelCategory@1281230a
=================================================>0.06 % |  10 ms | EntityLabelMapper.selectIdsWithOriLabel:ArrayList@7eee643f,1,SingletonList@7d14a1a5
==========================================>0.08 % |  13 ms | ReceiptInvalidStatusRELLabelCalImpl.compute:31548662,LabelProcessPoint@2cd414eb,LabelCalculatorExtendParam@15760d8a
=================================================>0.07 % |  12 ms | EntityLabelServiceImpl.selectInvoiceEntityLabels:c3b24448-7780-4c45-bb2f-963d2d7a156b,SingletonList@6ec59a1,EntityLabelSearchContext@3e056c82
========================================================>0.07 % |  12 ms | EntityLabelMapper.selectInvoiceLabelByReportOID:c3b24448-7780-4c45-bb2f-963d2d7a156b,2,ArrayList@41cceaa8
==========================================>0.07 % |  11 ms | EntityLabelServiceImpl.removeEntityLabelBatchWithOriLabelType:ArrayList@472e7db0,LabelType@5fe4bcee,LabelCategory@1281230a
=================================================>0.07 % |  11 ms | EntityLabelMapper.selectIdsWithOriLabel:ArrayList@472e7db0,1,SingletonList@cbe1a4a
==========================================>0.07 % |  11 ms | ReceiptEntryMethodNotMatchERLabelCalImpl.compute:31548662,LabelProcessPoint@2cd414eb,LabelCalculatorExtendParam@15760d8a
=================================================>0.07 % |  11 ms | EntityLabelServiceImpl.selectInvoiceEntityLabels:c3b24448-7780-4c45-bb2f-963d2d7a156b,SingletonList@7df86ff9,EntityLabelSearchContext@2e2189dd
========================================================>0.07 % |  11 ms | EntityLabelMapper.selectInvoiceLabelByReportOID:c3b24448-7780-4c45-bb2f-963d2d7a156b,2,ArrayList@49653b20
==========================================>0.06 % |  10 ms | InvoiceServiceImpl.findIdsByReportIds:ArrayList@6dc25894
=================================================>0.06 % |  10 ms | ExpenseMapper.selectIdsByReportIdIn:ArrayList@6dc25894
==========================================>0.07 % |  11 ms | EntityLabelServiceImpl.removeEntityLabelBatchWithOriLabelType:ArrayList@bcf0cb5,LabelType@7d3f6b09,LabelCategory@3fb0b9ef
=================================================>0.07 % |  11 ms | EntityLabelMapper.selectIdsWithOriLabel:ArrayList@bcf0cb5,2,SingletonList@77585ffc
==========================================>0.38 % |  62 ms | ReceiptAmountErrorInvLabelCalImpl.compute:31548662,LabelProcessPoint@2cd414eb,LabelCalculatorExtendParam@15760d8a
=================================================>0.06 % |  10 ms | ExpenseReportInvoiceService.getExpenseReportInvoices:SingletonList@6b199f81
========================================================>0.06 % |  10 ms | ExpenseReportInvoiceMapper.findByExpenseReportOIDIn:SingletonList@6b199f81
=================================================>0.11 % |  18 ms | InvoiceServiceImpl.getSimpleByInvoiceOIDs:ArrayList@4d04dedd
========================================================>0.11 % |  18 ms | ExpenseMapper.getSimpleByInvoiceOIDs:ArrayList@4d04dedd
=================================================>0.07 % |  11 ms | ReceiptLineInvRelServiceImpl.getRelByInvoiceOIDs:SingletonList@aba28d5
========================================================>0.06 % |  10 ms | ReceiptLineInvMappingMapper.selectRelByInvoiceOID:SingletonList@aba28d5
=================================================>0.07 % |  11 ms | ReceiptLineInvRelServiceImpl.getRelByInvoiceOIDs:SingletonList@4a65f586
========================================================>0.07 % |  11 ms | ReceiptLineInvMappingMapper.selectRelByInvoiceOID:SingletonList@4a65f586
=================================================>0.07 % |  11 ms | EntityLabelServiceImpl.getEntityLabels:ArrayList@20dda7b4,ArrayList@6f0ec16c,LabelCategory@4bed2867,EntityLabelSearchContext@521bd94c
========================================================>0.07 % |  11 ms | EntityLabelMapper.selectEntityLabel:ArrayList@20dda7b4,9,ArrayList@6a667b35
==========================================>0.06 % |  10 ms | EntityLabelServiceImpl.removeEntityLabelBatchWithOriLabelType:ArrayList@77111ec3,LabelType@7d3f6b09,LabelCategory@1281230a
=================================================>0.06 % |  10 ms | EntityLabelMapper.selectIdsWithOriLabel:ArrayList@77111ec3,1,SingletonList@7dd4cbd3
==========================================>0.07 % |  12 ms | ReceiptAmountErrorERLLabelCalImpl.compute:31548662,LabelProcessPoint@2cd414eb,LabelCalculatorExtendParam@15760d8a
=================================================>0.07 % |  11 ms | EntityLabelServiceImpl.selectInvoiceEntityLabels:c3b24448-7780-4c45-bb2f-963d2d7a156b,SingletonList@3c9ba77c,EntityLabelSearchContext@3c11d7d6
========================================================>0.07 % |  11 ms | EntityLabelMapper.selectInvoiceLabelByReportOID:c3b24448-7780-4c45-bb2f-963d2d7a156b,2,ArrayList@22650958
==========================================>0.07 % |  11 ms | EntityLabelServiceImpl.removeEntityLabelBatchWithOriLabelType:ArrayList@391b0afe,LabelType@bc7f05e,LabelCategory@1281230a
=================================================>0.07 % |  11 ms | EntityLabelMapper.selectIdsWithOriLabel:ArrayList@391b0afe,1,SingletonList@5f5fee1c
==========================================>0.08 % |  13 ms | ReceiptAbnormalStatusRELLabelCalImpl.compute:31548662,LabelProcessPoint@2cd414eb,LabelCalculatorExtendParam@15760d8a
=================================================>0.07 % |  12 ms | EntityLabelServiceImpl.selectInvoiceEntityLabels:c3b24448-7780-4c45-bb2f-963d2d7a156b,SingletonList@6d018f0,EntityLabelSearchContext@169cb959
========================================================>0.07 % |  12 ms | EntityLabelMapper.selectInvoiceLabelByReportOID:c3b24448-7780-4c45-bb2f-963d2d7a156b,2,ArrayList@3b827808
==========================================>0.06 % |  10 ms | EntityLabelServiceImpl.removeEntityLabelBatchWithOriLabelType:ArrayList@4c855eff,LabelType@c363816,LabelCategory@1281230a
=================================================>0.06 % |  10 ms | EntityLabelMapper.selectIdsWithOriLabel:ArrayList@4c855eff,1,SingletonList@69e28bd7
==========================================>0.07 % |  11 ms | PersonalInvoiceTagRELLabelCalImpl.compute:31548662,LabelProcessPoint@2cd414eb,LabelCalculatorExtendParam@15760d8a
=================================================>0.07 % |  11 ms | EntityLabelServiceImpl.selectInvoiceEntityLabels:c3b24448-7780-4c45-bb2f-963d2d7a156b,SingletonList@568eeb22,EntityLabelSearchContext@595eea7d
========================================================>0.07 % |  11 ms | EntityLabelMapper.selectInvoiceLabelByReportOID:c3b24448-7780-4c45-bb2f-963d2d7a156b,2,ArrayList@4b8084fb
==========================================>0.07 % |  11 ms | EntityLabelServiceImpl.removeEntityLabelBatchWithOriLabelType:ArrayList@5a26d846,LabelType@c93202f,LabelCategory@1281230a
=================================================>0.07 % |  11 ms | EntityLabelMapper.selectIdsWithOriLabel:ArrayList@5a26d846,1,SingletonList@455a9944
==========================================>0.07 % |  11 ms | PayeeNoVerifyNotPassERLabelCalImpl.compute:31548662,LabelProcessPoint@2cd414eb,LabelCalculatorExtendParam@15760d8a
=================================================>0.06 % |  10 ms | EntityLabelServiceImpl.selectInvoiceEntityLabels:c3b24448-7780-4c45-bb2f-963d2d7a156b,SingletonList@2af138ba,EntityLabelSearchContext@12488e57
========================================================>0.06 % |  10 ms | EntityLabelMapper.selectInvoiceLabelByReportOID:c3b24448-7780-4c45-bb2f-963d2d7a156b,2,ArrayList@74ff2c51
==========================================>0.06 % |  10 ms | EntityLabelServiceImpl.removeEntityLabelBatchWithOriLabelType:ArrayList@4f72f5b1,LabelType@63187cbc,LabelCategory@1281230a
=================================================>0.06 % |  10 ms | EntityLabelMapper.selectIdsWithOriLabel:ArrayList@4f72f5b1,1,SingletonList@65153387
==========================================>0.07 % |  11 ms | OverdueERLLabelCalImpl.compute:31548662,LabelProcessPoint@2cd414eb,LabelCalculatorExtendParam@15760d8a
=================================================>0.07 % |  11 ms | EntityLabelServiceImpl.selectInvoiceEntityLabels:c3b24448-7780-4c45-bb2f-963d2d7a156b,SingletonList@1985198b,EntityLabelSearchContext@5c96174d
========================================================>0.06 % |  10 ms | EntityLabelMapper.selectInvoiceLabelByReportOID:c3b24448-7780-4c45-bb2f-963d2d7a156b,2,ArrayList@4bc06e74
==========================================>0.07 % |  11 ms | EntityLabelServiceImpl.removeEntityLabelBatchWithOriLabelType:ArrayList@73580a47,LabelType@d35bda3,LabelCategory@1281230a
=================================================>0.06 % |  10 ms | EntityLabelMapper.selectIdsWithOriLabel:ArrayList@73580a47,1,SingletonList@1af50426
==========================================>0.07 % |  12 ms | OthersReceiptERLLabelCalImpl.compute:31548662,LabelProcessPoint@2cd414eb,LabelCalculatorExtendParam@15760d8a
=================================================>0.07 % |  12 ms | EntityLabelServiceImpl.selectInvoiceEntityLabels:c3b24448-7780-4c45-bb2f-963d2d7a156b,SingletonList@343ae00c,EntityLabelSearchContext@695d5a74
========================================================>0.07 % |  12 ms | EntityLabelMapper.selectInvoiceLabelByReportOID:c3b24448-7780-4c45-bb2f-963d2d7a156b,2,ArrayList@47084e42
==========================================>0.07 % |  11 ms | EntityLabelServiceImpl.removeEntityLabelBatchWithOriLabelType:ArrayList@24792110,LabelType@47b21f3d,LabelCategory@1281230a
=================================================>0.07 % |  11 ms | EntityLabelMapper.selectIdsWithOriLabel:ArrayList@24792110,1,SingletonList@469eb7e3
==========================================>0.07 % |  11 ms | NonEmployeesRELLabelCalImpl.compute:31548662,LabelProcessPoint@2cd414eb,LabelCalculatorExtendParam@15760d8a
=================================================>0.06 % |  10 ms | EntityLabelServiceImpl.selectInvoiceEntityLabels:c3b24448-7780-4c45-bb2f-963d2d7a156b,SingletonList@4c09717f,EntityLabelSearchContext@8a04cf2
========================================================>0.06 % |  10 ms | EntityLabelMapper.selectInvoiceLabelByReportOID:c3b24448-7780-4c45-bb2f-963d2d7a156b,2,ArrayList@3d8d9d7f
==========================================>0.07 % |  11 ms | MxgVerifyFailLabelCalImpl.isDelete:31548662,LabelProcessPoint@2cd414eb,LabelCalculatorExtendParam@15760d8a
=================================================>0.07 % |  11 ms | EntityLabelServiceImpl.removeEntityLabelBatchWithOriLabelType:SingletonList@1b6b1f80,LabelType@1bd1e692,LabelCategory@1281230a
========================================================>0.07 % |  11 ms | EntityLabelMapper.selectIdsWithOriLabel:SingletonList@1b6b1f80,1,SingletonList@7600a2b3
==========================================>0.32 % |  52 ms | MxgVerifyFailLabelCalImpl.compute:31548662,LabelProcessPoint@2cd414eb,LabelCalculatorExtendParam@15760d8a
=================================================>0.12 % |  19 ms | InvoiceServiceImpl.getSimpleByInvoiceOIDs:ArrayList@2bb807c4
========================================================>0.12 % |  19 ms | ExpenseMapper.getSimpleByInvoiceOIDs:ArrayList@2bb807c4
=================================================>0.07 % |  11 ms | ReceiptLineInvRelServiceImpl.getReceiptIdsByInvoiceIds:ArrayList@953667c
========================================================>0.07 % |  11 ms | ReceiptLineInvMappingMapper.getReceiptIdsByInvoiceIds:ArrayList@953667c
=================================================>0.07 % |  12 ms | EntityLabelServiceImpl.selectEntityLabels:ArrayList@1bdf1857,LabelCategory@3607a8df,EntityLabelSearchContext@204f0d36
========================================================>0.07 % |  12 ms | EntityLabelMapper.selectEntityLabels:ArrayList@1bdf1857,3
==========================================>0.07 % |  11 ms | EntityLabelServiceImpl.removeEntityLabelBatchWithOriLabelType:ArrayList@646719af,LabelType@21e4461b,LabelCategory@1281230a
=================================================>0.07 % |  11 ms | EntityLabelMapper.selectIdsWithOriLabel:ArrayList@646719af,1,SingletonList@2346b658
==========================================>0.07 % |  12 ms | ModifyReceiptRELLabelCalImpl.compute:31548662,LabelProcessPoint@2cd414eb,LabelCalculatorExtendParam@15760d8a
=================================================>0.07 % |  11 ms | EntityLabelServiceImpl.selectInvoiceEntityLabels:c3b24448-7780-4c45-bb2f-963d2d7a156b,SingletonList@480ce367,EntityLabelSearchContext@360e89aa
========================================================>0.07 % |  11 ms | EntityLabelMapper.selectInvoiceLabelByReportOID:c3b24448-7780-4c45-bb2f-963d2d7a156b,2,ArrayList@6507cff4
==========================================>0.48 % |  78 ms | EntityLabelServiceImpl.removeEntityLabelBatchWithOriLabelType:ArrayList@bcf0cb5,LabelType@597bde7c,LabelCategory@3fb0b9ef
=================================================>0.07 % |  11 ms | EntityLabelMapper.selectIdsWithOriLabel:ArrayList@bcf0cb5,2,SingletonList@5296db7b
=================================================>0.07 % |  11 ms | EntityLabelMapper.selectByIds:ArrayList@1b44e196,2
=================================================>0.12 % |  19 ms | EntityLabelMapper.deleteEntityLabelByIds:ArrayList@1b44e196,2
=================================================>0.11 % |  18 ms | EntityLabelMapper.deleteI18nToast:ArrayList@1b44e196
==========================================>0.51 % |  84 ms | MisMatchedInvLabelCalImpl.compute:31548662,LabelProcessPoint@2cd414eb,LabelCalculatorExtendParam@15760d8a
=================================================>0.12 % |  20 ms | ReportService.selectById:31548662
========================================================>0.12 % |  20 ms | ReportBaseService.selectExpenseReportByCommand:ExpenseReportCommonSearchCommand@10d734e6
===============================================================>0.12 % |  20 ms | ExpenseReportMPMapper.selectExpenseReportByCommand:ExpenseReportCommonSearchCommand@12b5c36e
=================================================>0.07 % |  11 ms | ExpenseReportInvoiceService.getExpenseReportInvoices:SingletonList@261bcb38
========================================================>0.07 % |  11 ms | ExpenseReportInvoiceMapper.findByExpenseReportOIDIn:SingletonList@261bcb38
=================================================>0.11 % |  18 ms | InvoiceServiceImpl.getSimpleByInvoiceOIDs:ArrayList@11c1b74
========================================================>0.11 % |  18 ms | ExpenseMapper.getSimpleByInvoiceOIDs:ArrayList@11c1b74
=================================================>0.07 % |  12 ms | ReceiptLineInvRelServiceImpl.getRelByInvoiceOIDs:SingletonList@3137592e
========================================================>0.07 % |  12 ms | ReceiptLineInvMappingMapper.selectRelByInvoiceOID:SingletonList@3137592e
=================================================>0.07 % |  12 ms | ReceiptLineInvRelServiceImpl.getRelByInvoiceOIDs:SingletonList@630557d0
========================================================>0.07 % |  12 ms | ReceiptLineInvMappingMapper.selectRelByInvoiceOID:SingletonList@630557d0
=================================================>0.07 % |  11 ms | EntityLabelServiceImpl.getEntityLabels:ArrayList@57cdbf53,ArrayList@22af3370,LabelCategory@4bed2867,EntityLabelSearchContext@d1e278c
========================================================>0.07 % |  11 ms | EntityLabelMapper.selectEntityLabel:ArrayList@57cdbf53,9,ArrayList@73627639
==========================================>0.18 % |  30 ms | EntityLabelServiceImpl.addEntityLabels:1946060584743256066,ArrayList@2952915b,LabelCategory@3fb0b9ef,false,1798976097732612098
=================================================>0.06 % |  10 ms | EntityLabelMapper.selectEntityLabelIds:SingletonList@1998a1a0,2,ArrayList@3b86840e,null
=================================================>0.12 % |  19 ms | EntityLabelMapper.addEntityLabels:ArrayList@2e62025d,2
==========================================>0.31 % |  50 ms | EntityLabelServiceImpl.removeEntityLabelBatchWithOriLabelType:ArrayList@394e7268,LabelType@597bde7c,LabelCategory@1281230a
=================================================>0.07 % |  11 ms | EntityLabelMapper.selectIdsWithOriLabel:ArrayList@394e7268,1,SingletonList@2c3734a1
=================================================>0.11 % |  18 ms | EntityLabelMapper.deleteEntityLabelByIds:ArrayList@46172f70,1
=================================================>0.13 % |  21 ms | EntityLabelMapper.deleteI18nToast:ArrayList@46172f70
==========================================>0.19 % |  31 ms | MisMatchedInvRELLabelCalImpl.compute:31548662,LabelProcessPoint@2cd414eb,LabelCalculatorExtendParam@15760d8a
=================================================>0.12 % |  19 ms | ReportService.selectById:31548662
========================================================>0.12 % |  19 ms | ReportBaseService.selectExpenseReportByCommand:ExpenseReportCommonSearchCommand@3263148e
===============================================================>0.11 % |  18 ms | ExpenseReportMPMapper.selectExpenseReportByCommand:ExpenseReportCommonSearchCommand@1f67c0c7
=================================================>0.07 % |  12 ms | EntityLabelServiceImpl.selectInvoiceEntityLabels:c3b24448-7780-4c45-bb2f-963d2d7a156b,SingletonList@3f21961b,EntityLabelSearchContext@29f9acd3
========================================================>0.07 % |  12 ms | EntityLabelMapper.selectInvoiceLabelByReportOID:c3b24448-7780-4c45-bb2f-963d2d7a156b,2,ArrayList@78a6218d
==========================================>0.18 % |  29 ms | EntityLabelServiceImpl.addEntityLabels:31548662,ArrayList@37864168,LabelCategory@1281230a,false,1798976097732612098
=================================================>0.07 % |  11 ms | EntityLabelMapper.selectEntityLabelIds:SingletonList@1e2a7828,1,ArrayList@2a4a8971,null
=================================================>0.11 % |  18 ms | EntityLabelMapper.addEntityLabels:ArrayList@77d1cd2,1
==========================================>0.06 % |  10 ms | EntityLabelServiceImpl.removeEntityLabelBatchWithOriLabelType:ArrayList@7071541f,LabelType@1c161ac1,LabelCategory@1281230a
=================================================>0.06 % |  10 ms | EntityLabelMapper.selectIdsWithOriLabel:ArrayList@7071541f,1,SingletonList@6fdd6584
==========================================>4.15 % |  680 ms | MaybePaidByCompanyERLabelCalImpl.compute:31548662,LabelProcessPoint@2cd414eb,LabelCalculatorExtendParam@15760d8a
=================================================>4.08 % |  668 ms | ReportService.selectById:31548662
========================================================>4.08 % |  668 ms | ReportBaseService.selectExpenseReportByCommand:ExpenseReportCommonSearchCommand@6a94041e
===============================================================>4.08 % |  668 ms | ExpenseReportMPMapper.selectExpenseReportByCommand:ExpenseReportCommonSearchCommand@735b9d20
=================================================>0.07 % |  12 ms | EntityLabelServiceImpl.selectInvoiceEntityLabels:c3b24448-7780-4c45-bb2f-963d2d7a156b,SingletonList@6a9f570c,EntityLabelSearchContext@6e079af1
========================================================>0.07 % |  12 ms | EntityLabelMapper.selectInvoiceLabelByReportOID:c3b24448-7780-4c45-bb2f-963d2d7a156b,2,ArrayList@520407d9
==========================================>0.06 % |  10 ms | EntityLabelServiceImpl.removeEntityLabelBatchWithOriLabelType:ArrayList@79f5f7f3,LabelType@5a96163a,LabelCategory@1281230a
=================================================>0.06 % |  10 ms | EntityLabelMapper.selectIdsWithOriLabel:ArrayList@79f5f7f3,1,SingletonList@5453c44
==========================================>0.08 % |  13 ms | MaybeNonOriginalReceiptERLabelCalImpl.compute:31548662,LabelProcessPoint@2cd414eb,LabelCalculatorExtendParam@15760d8a
=================================================>0.07 % |  12 ms | EntityLabelServiceImpl.selectInvoiceEntityLabels:c3b24448-7780-4c45-bb2f-963d2d7a156b,SingletonList@1225c1c4,EntityLabelSearchContext@44334b0e
========================================================>0.07 % |  12 ms | EntityLabelMapper.selectInvoiceLabelByReportOID:c3b24448-7780-4c45-bb2f-963d2d7a156b,2,ArrayList@99417d2
==========================================>0.07 % |  11 ms | EntityLabelServiceImpl.removeEntityLabelBatchWithOriLabelType:ArrayList@1a28b666,LabelType@715eba25,LabelCategory@1281230a
=================================================>0.07 % |  11 ms | EntityLabelMapper.selectIdsWithOriLabel:ArrayList@1a28b666,1,SingletonList@111e93b8
==========================================>0.07 % |  11 ms | MaybeDuplicateRELLabelCalImpl.compute:31548662,LabelProcessPoint@2cd414eb,LabelCalculatorExtendParam@15760d8a
=================================================>0.06 % |  10 ms | EntityLabelServiceImpl.selectInvoiceEntityLabels:c3b24448-7780-4c45-bb2f-963d2d7a156b,SingletonList@319d4fa9,EntityLabelSearchContext@3c1e8d82
========================================================>0.06 % |  10 ms | EntityLabelMapper.selectInvoiceLabelByReportOID:c3b24448-7780-4c45-bb2f-963d2d7a156b,2,ArrayList@31fad981
==========================================>1.35 % |  221 ms | EntityLabelServiceImpl.removeEntityLabelBatchWithOriLabelType:ArrayList@7fdc529b,LabelType@e4901e8,LabelCategory@1281230a
=================================================>1.35 % |  221 ms | EntityLabelMapper.selectIdsWithOriLabel:ArrayList@7fdc529b,1,SingletonList@5120630c
==========================================>0.07 % |  12 ms | LinkNoERLLabelCalImpl.compute:31548662,LabelProcessPoint@2cd414eb,LabelCalculatorExtendParam@15760d8a
=================================================>0.07 % |  11 ms | EntityLabelServiceImpl.selectInvoiceEntityLabels:c3b24448-7780-4c45-bb2f-963d2d7a156b,SingletonList@48588af5,EntityLabelSearchContext@177d473
========================================================>0.07 % |  11 ms | EntityLabelMapper.selectInvoiceLabelByReportOID:c3b24448-7780-4c45-bb2f-963d2d7a156b,2,ArrayList@4e84f91d
==========================================>0.06 % |  10 ms | IssueReceiptOutLabelCalImpl.isDelete:31548662,LabelProcessPoint@2cd414eb,LabelCalculatorExtendParam@15760d8a
=================================================>0.06 % |  10 ms | EntityLabelServiceImpl.removeEntityLabelBatchWithOriLabelType:SingletonList@18723645,LabelType@4e4d3ccb,LabelCategory@1281230a
========================================================>0.06 % |  10 ms | EntityLabelMapper.selectIdsWithOriLabel:SingletonList@18723645,1,SingletonList@3e6f06bb
==========================================>0.31 % |  50 ms | IssueReceiptOutLabelCalImpl.compute:31548662,LabelProcessPoint@2cd414eb,LabelCalculatorExtendParam@15760d8a
=================================================>0.07 % |  11 ms | ExpenseReportInvoiceServiceImpl.findByExpenseReportOID:c3b24448-7780-4c45-bb2f-963d2d7a156b
========================================================>0.07 % |  11 ms | ExpenseReportInvoiceMapper.findByExpenseReportOID:c3b24448-7780-4c45-bb2f-963d2d7a156b
=================================================>0.11 % |  18 ms | InvoiceServiceImpl.getSimpleByInvoiceOIDs:ArrayList@5d8852d3
========================================================>0.11 % |  18 ms | ExpenseMapper.getSimpleByInvoiceOIDs:ArrayList@5d8852d3
=================================================>0.06 % |  10 ms | EntityLabelServiceImpl.selectEntityLabels:ArrayList@6dc261bc,LabelCategory@3607a8df,EntityLabelSearchContext@50c8c0f1
========================================================>0.06 % |  10 ms | EntityLabelMapper.selectEntityLabels:ArrayList@6dc261bc,3
==========================================>0.06 % |  10 ms | InvoiceServiceImpl.findIdsByReportIds:ArrayList@287572f3
=================================================>0.06 % |  10 ms | ExpenseMapper.selectIdsByReportIdIn:ArrayList@287572f3
==========================================>0.07 % |  11 ms | EntityLabelServiceImpl.removeEntityLabelBatchWithOriLabelType:ArrayList@602c6603,LabelType@102516ac,LabelCategory@3fb0b9ef
=================================================>0.07 % |  11 ms | EntityLabelMapper.selectIdsWithOriLabel:ArrayList@602c6603,2,SingletonList@2cad5eb6
==========================================>0.86 % |  141 ms | InvalidReceiptInvLabelCalImpl.compute:31548662,LabelProcessPoint@2cd414eb,LabelCalculatorExtendParam@15760d8a
=================================================>0.46 % |  75 ms | BaseMapper.selectById:1946130299251605505
=================================================>0.22 % |  36 ms | BaseMapper.selectById:1946060584743256066
=================================================>0.06 % |  10 ms | ReceiptLineInvRelServiceImpl.getReceiptIdsByInvoiceIds:SingletonList@21d25ab7
========================================================>0.06 % |  10 ms | ReceiptLineInvMappingMapper.getReceiptIdsByInvoiceIds:SingletonList@21d25ab7
=================================================>0.06 % |  10 ms | EntityLabelServiceImpl.getEntityLabels:ArrayList@364cf189,ArrayList@734bbd08,LabelCategory@3607a8df,EntityLabelSearchContext@2900620d
========================================================>0.06 % |  10 ms | EntityLabelMapper.selectEntityLabel:ArrayList@364cf189,3,ArrayList@673e95b4
==========================================>0.06 % |  10 ms | EntityLabelServiceImpl.removeEntityLabelBatchWithOriLabelType:ArrayList@12f53315,LabelType@102516ac,LabelCategory@1281230a
=================================================>0.06 % |  10 ms | EntityLabelMapper.selectIdsWithOriLabel:ArrayList@12f53315,1,SingletonList@7300a458
==========================================>0.07 % |  11 ms | InvalidReceiptRELLabelCalImpl.compute:31548662,LabelProcessPoint@2cd414eb,LabelCalculatorExtendParam@15760d8a
=================================================>0.06 % |  10 ms | EntityLabelServiceImpl.selectInvoiceEntityLabels:c3b24448-7780-4c45-bb2f-963d2d7a156b,SingletonList@32707f95,EntityLabelSearchContext@52b38a14
========================================================>0.06 % |  10 ms | EntityLabelMapper.selectInvoiceLabelByReportOID:c3b24448-7780-4c45-bb2f-963d2d7a156b,2,ArrayList@1f832be3
==========================================>0.06 % |  10 ms | EntityLabelServiceImpl.removeEntityLabelBatchWithOriLabelType:ArrayList@3a098ce7,LabelType@413f1e57,LabelCategory@1281230a
=================================================>0.06 % |  10 ms | EntityLabelMapper.selectIdsWithOriLabel:ArrayList@3a098ce7,1,SingletonList@20100c82
==========================================>0.07 % |  12 ms | InspectionResultConfirmedERLabelCalImpl.compute:31548662,LabelProcessPoint@2cd414eb,LabelCalculatorExtendParam@15760d8a
=================================================>0.07 % |  11 ms | EntityLabelServiceImpl.selectInvoiceEntityLabels:c3b24448-7780-4c45-bb2f-963d2d7a156b,SingletonList@39c54efb,EntityLabelSearchContext@37ef6de9
========================================================>0.07 % |  11 ms | EntityLabelMapper.selectInvoiceLabelByReportOID:c3b24448-7780-4c45-bb2f-963d2d7a156b,2,ArrayList@54c7bd8a
==========================================>0.06 % |  10 ms | InspFailedERLLabelCalImpl.compute:31548662,LabelProcessPoint@2cd414eb,LabelCalculatorExtendParam@15760d8a
=================================================>0.06 % |  10 ms | EntityLabelServiceImpl.selectInvoiceEntityLabels:c3b24448-7780-4c45-bb2f-963d2d7a156b,SingletonList@758bbc3,EntityLabelSearchContext@4f313a58
========================================================>0.06 % |  10 ms | EntityLabelMapper.selectInvoiceLabelByReportOID:c3b24448-7780-4c45-bb2f-963d2d7a156b,2,ArrayList@72accdf9
==========================================>0.06 % |  10 ms | ReceiptLineInvRelServiceImpl.getReceiptIdsByReportIds:ArrayList@375af873
=================================================>0.06 % |  10 ms | ReceiptLineInvMappingMapper.selectReceiptIdsByReportIdIn:ArrayList@375af873
==========================================>0.06 % |  10 ms | EntityLabelServiceImpl.removeEntityLabelBatchWithOriLabelType:ArrayList@6db35cb5,LabelType@741a3619,LabelCategory@3607a8df
=================================================>0.06 % |  10 ms | EntityLabelMapper.selectIdsWithOriLabel:ArrayList@6db35cb5,3,SingletonList@458acf0e
==========================================>0.06 % |  10 ms | ReceiptLineInvRelServiceImpl.getIdsByReportIds:ArrayList@375af873
=================================================>0.06 % |  10 ms | ReceiptLineInvMappingMapper.selectIdsByReportIdIn:ArrayList@375af873
==========================================>0.07 % |  11 ms | EntityLabelServiceImpl.removeEntityLabelBatchWithOriLabelType:ArrayList@592d691d,LabelType@741a3619,LabelCategory@4bed2867
=================================================>0.07 % |  11 ms | EntityLabelMapper.selectIdsWithOriLabel:ArrayList@592d691d,9,SingletonList@77873334
==========================================>0.06 % |  10 ms | EntityLabelServiceImpl.removeEntityLabelBatchWithOriLabelType:ArrayList@602c6603,LabelType@741a3619,LabelCategory@3fb0b9ef
=================================================>0.06 % |  10 ms | EntityLabelMapper.selectIdsWithOriLabel:ArrayList@602c6603,2,SingletonList@1a4b50d1
==========================================>0.20 % |  33 ms | ExpStdReceiptLableCalImpl.compute:31548662,LabelProcessPoint@2cd414eb,LabelCalculatorExtendParam@15760d8a
=================================================>0.13 % |  22 ms | ExpStdReceiptControlServiceImpl.verify:ExpStdReceiptControlReq@35d813d3
========================================================>0.06 % |  10 ms | ExpStdValidateRuleServiceImpl.findVerifyRules:SingletonList@5b2a4f65,ExpStdEntityTypeEnum@79bdcb34,1798976195334066177,1798976097732612098
===============================================================>0.06 % |  10 ms | ExpStdValidateRuleMapper.findEnabledIdsByConditions:SingletonList@5b2a4f65,1011,null,1798976195334066177,null,1798976097732612098
==========================================>0.06 % |  10 ms | EntityLabelServiceImpl.removeEntityLabelBatchWithOriLabelType:ArrayList@122e2fea,LabelType@6f505805,LabelCategory@1281230a
=================================================>0.06 % |  10 ms | EntityLabelMapper.selectIdsWithOriLabel:ArrayList@122e2fea,1,SingletonList@7daaae66
==========================================>0.07 % |  11 ms | DuplicateInvocieRELLabelCalImpl.compute:31548662,LabelProcessPoint@2cd414eb,LabelCalculatorExtendParam@15760d8a
=================================================>0.07 % |  11 ms | EntityLabelServiceImpl.selectInvoiceEntityLabels:c3b24448-7780-4c45-bb2f-963d2d7a156b,SingletonList@246462aa,EntityLabelSearchContext@301363a1
========================================================>0.07 % |  11 ms | EntityLabelMapper.selectInvoiceLabelByReportOID:c3b24448-7780-4c45-bb2f-963d2d7a156b,2,ArrayList@23c307e3
==========================================>0.06 % |  10 ms | EntityLabelServiceImpl.removeEntityLabelBatchWithOriLabelType:ArrayList@26d2f456,LabelType@1f2ca051,LabelCategory@1281230a
=================================================>0.06 % |  10 ms | EntityLabelMapper.selectIdsWithOriLabel:ArrayList@26d2f456,1,SingletonList@348da07f
==========================================>0.07 % |  11 ms | AttachmentInfoNotAgreeERLabelCalImpl.compute:31548662,LabelProcessPoint@2cd414eb,LabelCalculatorExtendParam@15760d8a
=================================================>0.07 % |  11 ms | EntityLabelServiceImpl.selectInvoiceEntityLabels:c3b24448-7780-4c45-bb2f-963d2d7a156b,SingletonList@6450f131,EntityLabelSearchContext@74955b68
========================================================>0.07 % |  11 ms | EntityLabelMapper.selectInvoiceLabelByReportOID:c3b24448-7780-4c45-bb2f-963d2d7a156b,2,ArrayList@1ea3e441
==========================================>0.06 % |  10 ms | AttachmentGettingLabelCalImpl.isDelete:31548662,LabelProcessPoint@2cd414eb,LabelCalculatorExtendParam@15760d8a
=================================================>0.06 % |  10 ms | EntityLabelServiceImpl.removeEntityLabelBatchWithOriLabelType:SingletonList@55d35883,LabelType@5b651af4,LabelCategory@1281230a
========================================================>0.06 % |  10 ms | EntityLabelMapper.selectIdsWithOriLabel:SingletonList@55d35883,1,SingletonList@2757b22e
==========================================>0.07 % |  11 ms | EntityLabelServiceImpl.removeEntityLabelBatchWithOriLabelType:ArrayList@278c240d,LabelType@14aa04e5,LabelCategory@1281230a
=================================================>0.07 % |  11 ms | EntityLabelMapper.selectIdsWithOriLabel:ArrayList@278c240d,1,SingletonList@3c97482
==========================================>0.07 % |  11 ms | AttachmentCheckNotPassERLabelCalImpl.compute:31548662,LabelProcessPoint@2cd414eb,LabelCalculatorExtendParam@15760d8a
=================================================>0.07 % |  11 ms | EntityLabelServiceImpl.selectInvoiceEntityLabels:c3b24448-7780-4c45-bb2f-963d2d7a156b,SingletonList@4a5c9ecb,EntityLabelSearchContext@36551149
========================================================>0.07 % |  11 ms | EntityLabelMapper.selectInvoiceLabelByReportOID:c3b24448-7780-4c45-bb2f-963d2d7a156b,2,ArrayList@59f8e726
==========================================>0.06 % |  10 ms | AttachmentBrokenLabelCalImpl.isDelete:31548662,LabelProcessPoint@2cd414eb,LabelCalculatorExtendParam@15760d8a
=================================================>0.06 % |  10 ms | EntityLabelServiceImpl.removeEntityLabelBatchWithOriLabelType:SingletonList@7f6b135a,LabelType@7c413af4,LabelCategory@1281230a
========================================================>0.06 % |  10 ms | EntityLabelMapper.selectIdsWithOriLabel:SingletonList@7f6b135a,1,SingletonList@1c8eb276
===================================>0.26 % |  42 ms | ExpenseReportLabelService.extendsInvoiceLabels:ExpenseReport@f825a2f
==========================================>0.06 % |  10 ms | EntityLabelServiceImpl.selectInvoiceEntityLabels:c3b24448-7780-4c45-bb2f-963d2d7a156b,null,EntityLabelSearchContext@6a567d83
=================================================>0.06 % |  10 ms | EntityLabelMapper.selectInvoiceLabelByReportOID:c3b24448-7780-4c45-bb2f-963d2d7a156b,2,null
==========================================>0.06 % |  10 ms | ExpenseReportService.removeLabel:31548662,LabelType@47b21f3d,1798976097732612098
=================================================>0.06 % |  10 ms | LabelServiceImpl.selectByEntityIdAndLabelTypeIn:31548662,SingletonList@1f22f019,1
========================================================>0.06 % |  10 ms | LabelMapper.selectByEntityIdAndLabelTypeIn:31548662,SingletonList@1f22f019,1
==========================================>0.06 % |  10 ms | ExpenseReportService.removeLabel:31548662,LabelType@4d7a1efa,1798976097732612098
=================================================>0.06 % |  10 ms | LabelServiceImpl.selectByEntityIdAndLabelTypeIn:31548662,SingletonList@62638f13,1
========================================================>0.06 % |  10 ms | LabelMapper.selectByEntityIdAndLabelTypeIn:31548662,SingletonList@62638f13,1
==========================================>0.07 % |  11 ms | ExpenseReportService.removeLabel:31548662,LabelType@765b87a4,1798976097732612098
=================================================>0.07 % |  11 ms | LabelServiceImpl.selectByEntityIdAndLabelTypeIn:31548662,SingletonList@5292dc44,1
========================================================>0.07 % |  11 ms | LabelMapper.selectByEntityIdAndLabelTypeIn:31548662,SingletonList@5292dc44,1